#0 building with "mybuilder" instance using docker-container driver

#1 [ciscoasa internal] load build definition from Dockerfile
#1 transferring dockerfile: 1.06kB 0.0s done
#1 DONE 0.0s

#2 [ciscoasa linux/arm64 internal] load metadata for docker.io/library/alpine:3.20
#2 ...

#3 [ciscoasa linux/amd64 internal] load metadata for docker.io/library/alpine:3.20
#3 DONE 0.2s

#4 [ciscoasa internal] load .dockerignore
#4 transferring context: 2B done
#4 DONE 0.0s

#2 [ciscoasa linux/arm64 internal] load metadata for docker.io/library/alpine:3.20
#2 DONE 0.4s

#5 [ciscoasa linux/arm64 builder 1/4] FROM docker.io/library/alpine:3.20@sha256:31687a2fdd021f85955bf2d0c2682e9c0949827560e1db546358ea094f740f12
#5 resolve docker.io/library/alpine:3.20@sha256:31687a2fdd021f85955bf2d0c2682e9c0949827560e1db546358ea094f740f12 0.0s done
#5 DONE 0.0s

#6 [ciscoasa linux/arm64 builder 2/4] RUN apk --no-cache -U upgrade && 	apk --no-cache -U add 		build-base 		git 		libffi 		libffi-dev 		openssl 		openssl-dev 		py3-pip 		python3 		python3-dev && 	mkdir -p /opt/ &&     cd /opt/ &&     git clone https://github.com/t3chn0m4g3/ciscoasa_honeypot &&     cd ciscoasa_honeypot && 	git checkout 4bd2795cfa14320a87c00b7159fa3b7d6a8ba254 &&     sed -i "s/git+git/git+https/g" requirements.txt &&     pip3 install --break-system-packages pyinstaller &&     pip3 install --break-system-packages --no-cache-dir -r requirements.txt
#6 CACHED

#7 [ciscoasa linux/arm64 builder 4/4] RUN pyinstaller asa_server.py --add-data "./asa:./asa"
#7 CACHED

#8 [ciscoasa linux/arm64 builder 3/4] WORKDIR /opt/ciscoasa_honeypot
#8 CACHED

#9 [ciscoasa linux/arm64 stage-1 2/4] RUN apk --no-cache -U upgrade
#9 CACHED

#10 [ciscoasa linux/arm64 stage-1 3/4] COPY --from=builder /opt/ciscoasa_honeypot/dist/ /opt/
#10 CACHED

#11 [ciscoasa linux/arm64 stage-1 4/4] WORKDIR /opt/asa_server/
#11 CACHED

#12 [ciscoasa linux/amd64 builder 1/4] FROM docker.io/library/alpine:3.20@sha256:31687a2fdd021f85955bf2d0c2682e9c0949827560e1db546358ea094f740f12
#12 resolve docker.io/library/alpine:3.20@sha256:31687a2fdd021f85955bf2d0c2682e9c0949827560e1db546358ea094f740f12 0.0s done
#12 DONE 0.0s

#13 [ciscoasa linux/amd64 stage-1 3/4] COPY --from=builder /opt/ciscoasa_honeypot/dist/ /opt/
#13 CACHED

#14 [ciscoasa linux/amd64 builder 3/4] WORKDIR /opt/ciscoasa_honeypot
#14 CACHED

#15 [ciscoasa linux/amd64 builder 2/4] RUN apk --no-cache -U upgrade && 	apk --no-cache -U add 		build-base 		git 		libffi 		libffi-dev 		openssl 		openssl-dev 		py3-pip 		python3 		python3-dev && 	mkdir -p /opt/ &&     cd /opt/ &&     git clone https://github.com/t3chn0m4g3/ciscoasa_honeypot &&     cd ciscoasa_honeypot && 	git checkout 4bd2795cfa14320a87c00b7159fa3b7d6a8ba254 &&     sed -i "s/git+git/git+https/g" requirements.txt &&     pip3 install --break-system-packages pyinstaller &&     pip3 install --break-system-packages --no-cache-dir -r requirements.txt
#15 CACHED

#16 [ciscoasa linux/amd64 stage-1 2/4] RUN apk --no-cache -U upgrade
#16 CACHED

#17 [ciscoasa linux/amd64 builder 4/4] RUN pyinstaller asa_server.py --add-data "./asa:./asa"
#17 CACHED

#18 [ciscoasa linux/amd64 stage-1 4/4] WORKDIR /opt/asa_server/
#18 CACHED

#19 [ciscoasa] exporting to image
#19 exporting layers done
#19 exporting manifest sha256:8632ab30f648892829214de269413577c7f0dda1e4472a9279feb35371a69bfd done
#19 exporting config sha256:a2ce88af348ba468139ef98726fe26ecccbd9d85aaada35852639bc1c0c4c557 done
#19 exporting attestation manifest sha256:c9e8bfdd9f7e4a1cef9d580b36b8c4b33cef499e81d206ab2aabc52be595e8dd 0.0s done
#19 exporting manifest sha256:f3dbc0cce7f9e033163bc933d7ab3d1f9971871f98ba5a810b12aaa86eb09244 done
#19 exporting config sha256:fb475032c18cb8afc92b38a6b263b68f7ec57d14bec93a9f2ec2f33e34b34d29 done
#19 exporting attestation manifest sha256:da0f93f357fb44169ea9085db4ad17b4efe3d8592b50e67b87853771e26f25a0 0.0s done
#19 exporting manifest list sha256:60d9c104f335d956a7c51a21bebd89bbe5b88574453e55a81dc5dfd6d217d458 0.0s done
#19 pushing layers
#19 ...

#20 [ciscoasa auth] f0rc3ps/ciscoasa:pull,push token for registry-1.docker.io
#20 DONE 0.0s

#19 [ciscoasa] exporting to image
#19 pushing layers 2.8s done
#19 pushing manifest for docker.io/f0rc3ps/ciscoasa:24.04.1@sha256:60d9c104f335d956a7c51a21bebd89bbe5b88574453e55a81dc5dfd6d217d458
#19 pushing manifest for docker.io/f0rc3ps/ciscoasa:24.04.1@sha256:60d9c104f335d956a7c51a21bebd89bbe5b88574453e55a81dc5dfd6d217d458 2.4s done
#19 ...

#21 [ciscoasa auth] asc3t1c/ciscoasa:pull,push token for ghcr.io
#21 DONE 0.0s

#19 [ciscoasa] exporting to image
#19 pushing layers 2.2s done
#19 pushing manifest for ghcr.io/asc3t1c/ciscoasa:24.04.1@sha256:60d9c104f335d956a7c51a21bebd89bbe5b88574453e55a81dc5dfd6d217d458
#19 pushing manifest for ghcr.io/asc3t1c/ciscoasa:24.04.1@sha256:60d9c104f335d956a7c51a21bebd89bbe5b88574453e55a81dc5dfd6d217d458 1.7s done
#19 DONE 9.1s

#22 [ciscoasa] resolving provenance for metadata file
#22 DONE 0.0s
