Compose now can delegate build to bake for better performances
Just set COMPOSE_BAKE=true
#0 building with "mybuilder" instance using docker-container driver

#1 [ddospot internal] load build definition from Dockerfile
#1 transferring dockerfile: 2.01kB 0.0s done
#1 DONE 0.0s

#2 [ddospot linux/amd64 internal] load metadata for docker.io/library/alpine:3.20
#2 ...

#3 [ddospot linux/arm64 internal] load metadata for docker.io/library/alpine:3.20
#3 DONE 0.4s

#2 [ddospot linux/amd64 internal] load metadata for docker.io/library/alpine:3.20
#2 DONE 0.4s

#4 [ddospot internal] load .dockerignore
#4 transferring context: 2B 0.0s done
#4 DONE 0.0s

#5 [ddospot internal] load build context
#5 DONE 0.0s

#6 [ddospot linux/amd64 builder 1/5] FROM docker.io/library/alpine:3.20@sha256:de4fe7064d8f98419ea6b49190df1abbf43450c1702eeb864fe9ced453c1cc5f
#6 resolve docker.io/library/alpine:3.20@sha256:de4fe7064d8f98419ea6b49190df1abbf43450c1702eeb864fe9ced453c1cc5f 0.1s done
#6 DONE 0.1s

#7 [ddospot linux/arm64 builder 1/5] FROM docker.io/library/alpine:3.20@sha256:de4fe7064d8f98419ea6b49190df1abbf43450c1702eeb864fe9ced453c1cc5f
#7 resolve docker.io/library/alpine:3.20@sha256:de4fe7064d8f98419ea6b49190df1abbf43450c1702eeb864fe9ced453c1cc5f 0.1s done
#7 DONE 0.1s

#5 [ddospot internal] load build context
#5 transferring context: 66B done
#5 DONE 0.0s

#8 [ddospot linux/amd64 stage-1 4/6] COPY --from=builder /opt/ddospot/ddospot/global.conf /opt/ddospot/ddospot/
#8 CACHED

#9 [ddospot linux/amd64 builder 4/5] WORKDIR /opt/ddospot/ddospot
#9 CACHED

#10 [ddospot linux/amd64 stage-1 2/6] RUN apk --no-cache -U upgrade
#10 CACHED

#11 [ddospot linux/amd64 stage-1 3/6] COPY --from=builder /opt/ddospot/ddospot/dist/ddospot/ /opt/ddospot/ddospot
#11 CACHED

#12 [ddospot linux/amd64 builder 3/5] RUN apk --no-cache -U upgrade &&     apk --no-cache -U add 		build-base 		git 		py3-colorama 		py3-greenlet 		py3-pip 		py3-schedule 		py3-sqlalchemy 		py3-twisted 		py3-wheel 		python3 		python3-dev &&     mkdir -p /opt &&     cd /opt/ &&     git clone https://github.com/t3chn0m4g3/ddospot &&     cd ddospot &&     git checkout 66b94f3cf56c66e2e26b55feff9e65493cfadf3c &&     cp /root/dist/requirements.txt . &&     pip3 install --break-system-packages -r ddospot/requirements.txt &&     pip3 install --break-system-packages pyinstaller
#12 CACHED

#13 [ddospot linux/amd64 builder 2/5] COPY dist/ /root/dist/
#13 CACHED

#14 [ddospot linux/amd64 stage-1 5/6] COPY --from=builder /opt/ddospot/ddospot/pots /opt/ddospot/ddospot/pots
#14 CACHED

#15 [ddospot linux/amd64 builder 5/5] RUN pyinstaller ddospot.py        --add-data "core:core"        --hidden-import core        --hidden-import cmd        --hidden-import configparser        --hidden-import colorama        --hidden-import tabulate        --hidden-import logging.handlers        --hidden-import hpfeeds        --hidden-import json        --hidden-import http.server        --hidden-import sys        --hidden-import sqlalchemy        --hidden-import sqlalchemy.ext.declarative        --hidden-import schedule        --hidden-import twisted        --hidden-import twisted.internet        --hidden-import twisted.internet.reactor        --hidden-import twisted.names.client        --hidden-import twisted.names.server        --hidden-import twisted.python        --hidden-import OpenSSL.crypto        --hidden-import OpenSSL.SSL
#15 CACHED

#16 [ddospot linux/arm64 builder 3/5] RUN apk --no-cache -U upgrade &&     apk --no-cache -U add 		build-base 		git 		py3-colorama 		py3-greenlet 		py3-pip 		py3-schedule 		py3-sqlalchemy 		py3-twisted 		py3-wheel 		python3 		python3-dev &&     mkdir -p /opt &&     cd /opt/ &&     git clone https://github.com/t3chn0m4g3/ddospot &&     cd ddospot &&     git checkout 66b94f3cf56c66e2e26b55feff9e65493cfadf3c &&     cp /root/dist/requirements.txt . &&     pip3 install --break-system-packages -r ddospot/requirements.txt &&     pip3 install --break-system-packages pyinstaller
#16 CACHED

#17 [ddospot linux/arm64 builder 2/5] COPY dist/ /root/dist/
#17 CACHED

#18 [ddospot linux/arm64 stage-1 5/6] COPY --from=builder /opt/ddospot/ddospot/pots /opt/ddospot/ddospot/pots
#18 CACHED

#19 [ddospot linux/arm64 stage-1 4/6] COPY --from=builder /opt/ddospot/ddospot/global.conf /opt/ddospot/ddospot/
#19 CACHED

#20 [ddospot linux/arm64 stage-1 2/6] RUN apk --no-cache -U upgrade
#20 CACHED

#21 [ddospot linux/arm64 builder 4/5] WORKDIR /opt/ddospot/ddospot
#21 CACHED

#22 [ddospot linux/arm64 builder 5/5] RUN pyinstaller ddospot.py        --add-data "core:core"        --hidden-import core        --hidden-import cmd        --hidden-import configparser        --hidden-import colorama        --hidden-import tabulate        --hidden-import logging.handlers        --hidden-import hpfeeds        --hidden-import json        --hidden-import http.server        --hidden-import sys        --hidden-import sqlalchemy        --hidden-import sqlalchemy.ext.declarative        --hidden-import schedule        --hidden-import twisted        --hidden-import twisted.internet        --hidden-import twisted.internet.reactor        --hidden-import twisted.names.client        --hidden-import twisted.names.server        --hidden-import twisted.python        --hidden-import OpenSSL.crypto        --hidden-import OpenSSL.SSL
#22 CACHED

#23 [ddospot linux/arm64 stage-1 3/6] COPY --from=builder /opt/ddospot/ddospot/dist/ddospot/ /opt/ddospot/ddospot
#23 CACHED

#24 [ddospot linux/amd64 stage-1 6/6] WORKDIR /opt/ddospot/ddospot
#24 CACHED

#25 [ddospot linux/arm64 stage-1 6/6] WORKDIR /opt/ddospot/ddospot
#25 CACHED

#26 [ddospot] exporting to image
#26 exporting layers done
#26 exporting manifest sha256:88c89cbee7a1fd1f8cfdaba5e8f1a85ccc75031792a06bb695bd593ac19c7471 done
#26 exporting config sha256:d0cf5773db39443999047b9dde4e8584190a39b868ccbfbbf389e8645a3b4a01 done
#26 exporting attestation manifest sha256:1d7a25d8233b03a4319dc944594f758ced1bec7c9664bede261a6f0f36cebfb4 0.0s done
#26 exporting manifest sha256:58e39049288d3679489e51238e320447c92d0723acb81aa23d8383d12970112e done
#26 exporting config sha256:5adc17f1919ddef5d1328018745d25f724bf52986865f5b21eae24da69f77328 done
#26 exporting attestation manifest sha256:9c860f38a7fd7dbaf0287edf02e6f9a544935138e9fed465122bc5fb79fb0da6 0.0s done
#26 exporting manifest list sha256:be442408311160db15cdf1e6086bc88332e0cfe2d9c82c004ce747314a711e68
#26 exporting manifest list sha256:be442408311160db15cdf1e6086bc88332e0cfe2d9c82c004ce747314a711e68 0.0s done
#26 pushing layers
#26 ...

#27 [ddospot auth] f0rc3ps/ddospot:pull,push token for registry-1.docker.io
#27 DONE 0.0s

#26 [ddospot] exporting to image
#26 pushing layers 3.9s done
#26 pushing manifest for docker.io/f0rc3ps/ddospot:25.0.1@sha256:be442408311160db15cdf1e6086bc88332e0cfe2d9c82c004ce747314a711e68
#26 pushing manifest for docker.io/f0rc3ps/ddospot:25.0.1@sha256:be442408311160db15cdf1e6086bc88332e0cfe2d9c82c004ce747314a711e68 3.2s done
#26 ...

#28 [ddospot auth] asc3t1c/ddospot:pull,push token for ghcr.io
#28 DONE 0.0s

#26 [ddospot] exporting to image
#26 pushing layers 2.2s done
#26 pushing manifest for ghcr.io/asc3t1c/ddospot:25.0.1@sha256:be442408311160db15cdf1e6086bc88332e0cfe2d9c82c004ce747314a711e68
#26 pushing manifest for ghcr.io/asc3t1c/ddospot:25.0.1@sha256:be442408311160db15cdf1e6086bc88332e0cfe2d9c82c004ce747314a711e68 2.6s done
#26 DONE 12.1s

#29 [ddospot] resolving provenance for metadata file
#29 DONE 0.0s
