Compose now can delegate build to bake for better performances
Just set COMPOSE_BAKE=true
#0 building with "mybuilder" instance using docker-container driver

#1 [ewsposter internal] load build definition from Dockerfile
#1 transferring dockerfile: 1.34kB 0.0s done
#1 DONE 0.0s

#2 [ewsposter linux/amd64 internal] load metadata for docker.io/library/alpine:3.19
#2 ...

#3 [ewsposter linux/arm64 internal] load metadata for docker.io/library/alpine:3.19
#3 DONE 0.2s

#2 [ewsposter linux/amd64 internal] load metadata for docker.io/library/alpine:3.19
#2 DONE 0.2s

#4 [ewsposter internal] load .dockerignore
#4 transferring context: 2B done
#4 DONE 0.0s

#5 [ewsposter linux/arm64 1/3] FROM docker.io/library/alpine:3.19@sha256:e5d0aea7f7d2954678a9a6269ca2d06e06591881161961ea59e974dff3f12377
#5 resolve docker.io/library/alpine:3.19@sha256:e5d0aea7f7d2954678a9a6269ca2d06e06591881161961ea59e974dff3f12377 0.0s done
#5 DONE 0.0s

#6 [ewsposter internal] load build context
#6 transferring context: 96B done
#6 DONE 0.0s

#7 [ewsposter linux/amd64 1/3] FROM docker.io/library/alpine:3.19@sha256:e5d0aea7f7d2954678a9a6269ca2d06e06591881161961ea59e974dff3f12377
#7 resolve docker.io/library/alpine:3.19@sha256:e5d0aea7f7d2954678a9a6269ca2d06e06591881161961ea59e974dff3f12377 0.0s done
#7 DONE 0.1s

#8 [ewsposter linux/amd64 2/3] COPY dist/ /root/dist/
#8 CACHED

#9 [ewsposter linux/amd64 3/3] RUN apk --no-cache -U upgrade && 	apk --no-cache -U add 		build-base 		git 		libffi-dev 		libssl3 		openssl-dev 		python3 		python3-dev 		py3-cffi 		py3-cryptography 		py3-ipaddress 		py3-lxml 		py3-mysqlclient 		py3-openssl 		py3-requests 		py3-pip 		py3-setuptools 		py3-wheel && 	pip3 install --break-system-packages --upgrade pip && 	pip3 install --break-system-packages --no-cache-dir 			configparser 			hpfeeds3 			influxdb 			influxdb-client 			xmljson &&     git clone https://github.com/telekom-security/ewsposter -b v1.25.0 /opt/ewsposter &&     mkdir -p /opt/ewsposter/spool /opt/ewsposter/log &&     addgroup -g 2000 ews &&     adduser -S -H -u 2000 -D -g 2000 ews &&     chown -R ews:ews /opt/ewsposter &&     mv /root/dist/ews.cfg /opt/ewsposter/ &&     mv /root/dist/entrypoint.sh /usr/bin/ &&     chmod 755 /usr/bin/entrypoint.sh &&     apk del build-base 		git 		openssl-dev 		python3-dev 		py-setuptools && 	rm -rf /root/* /var/cache/apk/* /opt/ewsposter/.git
#9 CACHED

#10 [ewsposter linux/arm64 2/3] COPY dist/ /root/dist/
#10 CACHED

#11 [ewsposter linux/arm64 3/3] RUN apk --no-cache -U upgrade && 	apk --no-cache -U add 		build-base 		git 		libffi-dev 		libssl3 		openssl-dev 		python3 		python3-dev 		py3-cffi 		py3-cryptography 		py3-ipaddress 		py3-lxml 		py3-mysqlclient 		py3-openssl 		py3-requests 		py3-pip 		py3-setuptools 		py3-wheel && 	pip3 install --break-system-packages --upgrade pip && 	pip3 install --break-system-packages --no-cache-dir 			configparser 			hpfeeds3 			influxdb 			influxdb-client 			xmljson &&     git clone https://github.com/telekom-security/ewsposter -b v1.25.0 /opt/ewsposter &&     mkdir -p /opt/ewsposter/spool /opt/ewsposter/log &&     addgroup -g 2000 ews &&     adduser -S -H -u 2000 -D -g 2000 ews &&     chown -R ews:ews /opt/ewsposter &&     mv /root/dist/ews.cfg /opt/ewsposter/ &&     mv /root/dist/entrypoint.sh /usr/bin/ &&     chmod 755 /usr/bin/entrypoint.sh &&     apk del build-base 		git 		openssl-dev 		python3-dev 		py-setuptools && 	rm -rf /root/* /var/cache/apk/* /opt/ewsposter/.git
#11 CACHED

#12 [ewsposter] exporting to image
#12 exporting layers done
#12 exporting manifest sha256:3d892e303d9ddebf7dd9969a19b292d568c0dd7057b072a06a402dd86dd8cf05 0.0s done
#12 exporting config sha256:e5ec6daf6264dd3b85d5ddaf0ee6dc1575a884e3b25e1183d3e1600727badbfd
#12 exporting config sha256:e5ec6daf6264dd3b85d5ddaf0ee6dc1575a884e3b25e1183d3e1600727badbfd 0.0s done
#12 exporting attestation manifest sha256:3f17329bf8fae6ac3984627fe436ff8132082d3758da7194d7815f2c702caacf 0.0s done
#12 exporting manifest sha256:553c55a296deac4293b4262dc351e2a893be26e127871622bf8c4ac6f31d789a 0.0s done
#12 exporting config sha256:62f09762d085186aa63f60e4bbf747e3786c00a27441864890e777269918c01c 0.0s done
#12 exporting attestation manifest sha256:c00178eb0d33eb56c3704bdaa59a64a4ea467f40f17d19cf975e43d9af43507b 0.0s done
#12 exporting manifest list sha256:226764ef4aea3c4ff824930e06623f516e93a129725c830899af02253beb177b
#12 exporting manifest list sha256:226764ef4aea3c4ff824930e06623f516e93a129725c830899af02253beb177b done
#12 pushing layers
#12 ...

#13 [ewsposter auth] f0rc3ps/ewsposter:pull,push token for registry-1.docker.io
#13 DONE 0.0s

#12 [ewsposter] exporting to image
#12 pushing layers 2.5s done
#12 pushing manifest for docker.io/f0rc3ps/ewsposter:25.0.1@sha256:226764ef4aea3c4ff824930e06623f516e93a129725c830899af02253beb177b
#12 pushing manifest for docker.io/f0rc3ps/ewsposter:25.0.1@sha256:226764ef4aea3c4ff824930e06623f516e93a129725c830899af02253beb177b 3.9s done
#12 ...

#14 [ewsposter auth] asc3t1c/ewsposter:pull,push token for ghcr.io
#14 DONE 0.0s

#12 [ewsposter] exporting to image
#12 pushing layers 2.1s done
#12 pushing manifest for ghcr.io/asc3t1c/ewsposter:25.0.1@sha256:226764ef4aea3c4ff824930e06623f516e93a129725c830899af02253beb177b
#12 pushing manifest for ghcr.io/asc3t1c/ewsposter:25.0.1@sha256:226764ef4aea3c4ff824930e06623f516e93a129725c830899af02253beb177b 2.6s done
#12 DONE 11.4s

#15 [ewsposter] resolving provenance for metadata file
#15 DONE 0.0s
