Compose now can delegate build to bake for better performances
Just set COMPOSE_BAKE=true
#0 building with "mybuilder" instance using docker-container driver

#1 [galah internal] load build definition from Dockerfile
#1 transferring dockerfile: 585B 0.0s done
#1 DONE 0.0s

#2 [galah linux/arm64 internal] load metadata for docker.io/library/golang:1.23-alpine
#2 ...

#3 [galah linux/arm64 internal] load metadata for docker.io/library/alpine:3.20
#3 DONE 0.2s

#4 [galah linux/amd64 internal] load metadata for docker.io/library/golang:1.23-alpine
#4 DONE 0.2s

#5 [galah linux/amd64 internal] load metadata for docker.io/library/alpine:3.20
#5 DONE 0.2s

#6 [galah internal] load .dockerignore
#6 transferring context: 2B done
#6 DONE 0.0s

#2 [galah linux/arm64 internal] load metadata for docker.io/library/golang:1.23-alpine
#2 DONE 0.4s

#7 [galah linux/amd64 1/3] FROM docker.io/library/alpine:3.20@sha256:de4fe7064d8f98419ea6b49190df1abbf43450c1702eeb864fe9ced453c1cc5f
#7 resolve docker.io/library/alpine:3.20@sha256:de4fe7064d8f98419ea6b49190df1abbf43450c1702eeb864fe9ced453c1cc5f 0.0s done
#7 DONE 0.0s

#8 [galah linux/arm64 1/3] FROM docker.io/library/alpine:3.20@sha256:de4fe7064d8f98419ea6b49190df1abbf43450c1702eeb864fe9ced453c1cc5f
#8 resolve docker.io/library/alpine:3.20@sha256:de4fe7064d8f98419ea6b49190df1abbf43450c1702eeb864fe9ced453c1cc5f 0.0s done
#8 DONE 0.0s

#9 [galah linux/amd64 builder 1/4] FROM docker.io/library/golang:1.23-alpine@sha256:f8113c4b13e2a8b3a168dceaee88ac27743cc84e959f43b9dbd2291e9c3f57a0
#9 resolve docker.io/library/golang:1.23-alpine@sha256:f8113c4b13e2a8b3a168dceaee88ac27743cc84e959f43b9dbd2291e9c3f57a0 0.0s done
#9 DONE 0.0s

#10 [galah linux/arm64 builder 1/4] FROM docker.io/library/golang:1.23-alpine@sha256:f8113c4b13e2a8b3a168dceaee88ac27743cc84e959f43b9dbd2291e9c3f57a0
#10 resolve docker.io/library/golang:1.23-alpine@sha256:f8113c4b13e2a8b3a168dceaee88ac27743cc84e959f43b9dbd2291e9c3f57a0 0.0s done
#10 DONE 0.0s

#11 [galah linux/amd64 builder 3/4] WORKDIR /opt/galah
#11 CACHED

#12 [galah linux/amd64 stage-1 3/4] COPY --from=builder /opt/galah/ /opt/galah/
#12 CACHED

#13 [galah linux/amd64 stage-1 2/4] RUN apk --no-cache -U upgrade &&     apk --no-cache -U add openssl
#13 CACHED

#14 [galah linux/amd64 builder 4/4] RUN <<EOF (go mod download...)
#14 CACHED

#15 [galah linux/amd64 builder 2/4] RUN <<EOF (apk --no-cache -U upgrade...)
#15 CACHED

#16 [galah linux/amd64 stage-1 4/4] WORKDIR /opt/galah
#16 CACHED

#17 [galah linux/arm64 stage-1 3/4] COPY --from=builder /opt/galah/ /opt/galah/
#17 CACHED

#18 [galah linux/arm64 builder 4/4] RUN <<EOF (go mod download...)
#18 CACHED

#19 [galah linux/arm64 stage-1 2/4] RUN apk --no-cache -U upgrade &&     apk --no-cache -U add openssl
#19 CACHED

#20 [galah linux/arm64 builder 3/4] WORKDIR /opt/galah
#20 CACHED

#21 [galah linux/arm64 builder 2/4] RUN <<EOF (apk --no-cache -U upgrade...)
#21 CACHED

#22 [galah linux/arm64 stage-1 4/4] WORKDIR /opt/galah
#22 CACHED

#23 [galah] exporting to image
#23 exporting layers done
#23 exporting manifest sha256:1ec95988967df1e6c4c88ffa5e46f737bae9ba4e4231f78335f4b302145f98f6 0.0s done
#23 exporting config sha256:0c2396438f46479d61abebe3fb13a9bfc471b974ce57599413d2ccf6637f641e 0.0s done
#23 exporting attestation manifest sha256:b894d289762380ec9a5bfd63bbd35d89bcd390528ef1b17ac5575060f8f50e05 0.0s done
#23 exporting manifest sha256:f2e1a4bdcfc38ffaa65368a7657eae85618cb0aef1b8555ebdadcaed4ff62bac 0.0s done
#23 exporting config sha256:9b95dcb96053b0b67b9dc7a0b8738fb4201ad5e6a314d285236026c2ade38b4c 0.0s done
#23 exporting attestation manifest sha256:a9e383d406125c922716e74b8f41532fa652bd3aaf9ee045b8cc259eb5e4b505 0.0s done
#23 exporting manifest list sha256:32e3ac52807d4851359adf86712947ab6b2f416d3ed8d0f7f3e3a83dff27af16 0.0s done
#23 pushing layers
#23 ...

#24 [galah auth] f0rc3ps/galah:pull,push token for registry-1.docker.io
#24 DONE 0.0s

#23 [galah] exporting to image
#23 pushing layers 2.5s done
#23 pushing manifest for docker.io/f0rc3ps/galah:25.0.1@sha256:32e3ac52807d4851359adf86712947ab6b2f416d3ed8d0f7f3e3a83dff27af16
#23 pushing manifest for docker.io/f0rc3ps/galah:25.0.1@sha256:32e3ac52807d4851359adf86712947ab6b2f416d3ed8d0f7f3e3a83dff27af16 4.4s done
#23 ...

#25 [galah auth] asc3t1c/galah:pull,push token for ghcr.io
#25 DONE 0.0s

#23 [galah] exporting to image
#23 pushing layers 2.0s done
#23 pushing manifest for ghcr.io/asc3t1c/galah:25.0.1@sha256:32e3ac52807d4851359adf86712947ab6b2f416d3ed8d0f7f3e3a83dff27af16
#23 pushing manifest for ghcr.io/asc3t1c/galah:25.0.1@sha256:32e3ac52807d4851359adf86712947ab6b2f416d3ed8d0f7f3e3a83dff27af16 3.6s done
#23 DONE 12.6s

#26 [galah] resolving provenance for metadata file
#26 DONE 0.0s
