#0 building with "mybuilder" instance using docker-container driver

#1 [honeyaml internal] load build definition from Dockerfile
#1 transferring dockerfile: 1.03kB 0.0s done
#1 DONE 0.0s

#2 [honeyaml linux/amd64 internal] load metadata for docker.io/library/rust:latest
#2 ...

#3 [honeyaml auth] library/rust:pull token for registry-1.docker.io
#3 DONE 0.0s

#4 [honeyaml auth] chainguard/wolfi-base:pull token for registry-1.docker.io
#4 DONE 0.0s

#5 [honeyaml linux/amd64 internal] load metadata for docker.io/chainguard/wolfi-base:latest
#5 ...

#6 [honeyaml linux/arm64 internal] load metadata for docker.io/library/rust:latest
#6 DONE 4.3s

#2 [honeyaml linux/amd64 internal] load metadata for docker.io/library/rust:latest
#2 DONE 4.4s

#7 [honeyaml linux/arm64 internal] load metadata for docker.io/chainguard/wolfi-base:latest
#7 DONE 4.6s

#5 [honeyaml linux/amd64 internal] load metadata for docker.io/chainguard/wolfi-base:latest
#5 ...

#8 [honeyaml internal] load .dockerignore
#8 transferring context: 2B done
#8 DONE 0.0s

#5 [honeyaml linux/amd64 internal] load metadata for docker.io/chainguard/wolfi-base:latest
#5 DONE 4.9s

#9 [honeyaml linux/amd64 stage-1 1/5] FROM docker.io/chainguard/wolfi-base:latest@sha256:7afaeb1ffbc9c33c21b9ddbd96a80140df1a5fa95aed6411b210bcb404e75c11
#9 resolve docker.io/chainguard/wolfi-base:latest@sha256:7afaeb1ffbc9c33c21b9ddbd96a80140df1a5fa95aed6411b210bcb404e75c11 0.0s done
#9 DONE 0.0s

#10 [honeyaml linux/arm64 stage-1 1/5] FROM docker.io/chainguard/wolfi-base:latest@sha256:7afaeb1ffbc9c33c21b9ddbd96a80140df1a5fa95aed6411b210bcb404e75c11
#10 resolve docker.io/chainguard/wolfi-base:latest@sha256:7afaeb1ffbc9c33c21b9ddbd96a80140df1a5fa95aed6411b210bcb404e75c11 0.0s done
#10 DONE 0.0s

#11 [honeyaml linux/amd64 builder 1/6] FROM docker.io/library/rust:latest@sha256:738ae99a3d75623f41e6882566b4ef37e38a9840244a47efd4a0ca22e9628b88
#11 resolve docker.io/library/rust:latest@sha256:738ae99a3d75623f41e6882566b4ef37e38a9840244a47efd4a0ca22e9628b88 0.0s done
#11 DONE 0.0s

#12 [honeyaml linux/amd64 builder 6/6] RUN cargo build --release &&     cp target/release/honeyaml /opt/honeyaml/
#12 CACHED

#13 [honeyaml linux/amd64 stage-1 3/5] COPY --from=builder /opt/honeyaml/api.yml /opt/honeyaml/
#13 CACHED

#14 [honeyaml linux/amd64 builder 2/6] RUN apt update &&     apt upgrade -y &&     apt install -y git                     musl-tools                     musl-dev                     libzstd-dev
#14 CACHED

#15 [honeyaml linux/amd64 builder 4/6] RUN git clone https://github.com/t3chn0m4g3/honeyaml /opt/honeyaml &&     cd /opt/honeyaml &&     git checkout 9648c27bb31ad554ccabfdd9aeb77028219f24b0
#15 CACHED

#16 [honeyaml linux/amd64 stage-1 4/5] RUN apk -U --no-cache add libstdc++
#16 CACHED

#17 [honeyaml linux/amd64 builder 3/6] RUN update-ca-certificates
#17 CACHED

#18 [honeyaml linux/amd64 builder 5/6] WORKDIR /opt/honeyaml
#18 CACHED

#19 [honeyaml linux/amd64 stage-1 2/5] COPY --from=builder /opt/honeyaml/honeyaml /opt/honeyaml/
#19 CACHED

#20 [honeyaml linux/amd64 stage-1 5/5] WORKDIR /opt/honeyaml
#20 CACHED

#21 [honeyaml linux/arm64 builder 1/6] FROM docker.io/library/rust:latest@sha256:738ae99a3d75623f41e6882566b4ef37e38a9840244a47efd4a0ca22e9628b88
#21 resolve docker.io/library/rust:latest@sha256:738ae99a3d75623f41e6882566b4ef37e38a9840244a47efd4a0ca22e9628b88 0.0s done
#21 DONE 0.1s

#22 [honeyaml linux/arm64 stage-1 3/5] COPY --from=builder /opt/honeyaml/api.yml /opt/honeyaml/
#22 CACHED

#23 [honeyaml linux/arm64 builder 5/6] WORKDIR /opt/honeyaml
#23 CACHED

#24 [honeyaml linux/arm64 builder 4/6] RUN git clone https://github.com/t3chn0m4g3/honeyaml /opt/honeyaml &&     cd /opt/honeyaml &&     git checkout 9648c27bb31ad554ccabfdd9aeb77028219f24b0
#24 CACHED

#25 [honeyaml linux/arm64 builder 3/6] RUN update-ca-certificates
#25 CACHED

#26 [honeyaml linux/arm64 builder 6/6] RUN cargo build --release &&     cp target/release/honeyaml /opt/honeyaml/
#26 CACHED

#27 [honeyaml linux/arm64 stage-1 4/5] RUN apk -U --no-cache add libstdc++
#27 CACHED

#28 [honeyaml linux/arm64 builder 2/6] RUN apt update &&     apt upgrade -y &&     apt install -y git                     musl-tools                     musl-dev                     libzstd-dev
#28 CACHED

#29 [honeyaml linux/arm64 stage-1 2/5] COPY --from=builder /opt/honeyaml/honeyaml /opt/honeyaml/
#29 CACHED

#30 [honeyaml linux/arm64 stage-1 5/5] WORKDIR /opt/honeyaml
#30 CACHED

#31 [honeyaml] exporting to image
#31 exporting layers done
#31 exporting manifest sha256:c6faaca662183d2ee68fe4e9ceae267214fbed3124481a1508454266e1cce185 done
#31 exporting config sha256:aa1c06f236388e75202b89906b02bd5fa0c04cb8a913b5b087d00de2e8c109b8 done
#31 exporting attestation manifest sha256:17df357625653c03053fca2d1558c864f68154cc4a879015cd071db50f9a76a0 0.0s done
#31 exporting manifest sha256:9035ab866a993a2b3e105cd411fdb03c2a9c68d360b67b9e216eb6193b276e9f done
#31 exporting config sha256:c96917a5f0fea9583b5a13786bc01751ae01ddc9251f993c3c4aab4b0a4532b6 done
#31 exporting attestation manifest sha256:fa1f0235634e36a95f7a9375918a6b6e7025c9388f890e7865cb81819f689d5e 0.0s done
#31 exporting manifest list sha256:94071b464849d0d2e5b8d19fcbd6cedc8e339b08c958fa4f792ce331f483ce32 0.0s done
#31 pushing layers
#31 ...

#32 [honeyaml auth] f0rc3ps/honeyaml:pull,push token for registry-1.docker.io
#32 DONE 0.0s

#31 [honeyaml] exporting to image
#31 pushing layers 5.6s done
#31 pushing manifest for docker.io/f0rc3ps/honeyaml:24.04.1@sha256:94071b464849d0d2e5b8d19fcbd6cedc8e339b08c958fa4f792ce331f483ce32
#31 pushing manifest for docker.io/f0rc3ps/honeyaml:24.04.1@sha256:94071b464849d0d2e5b8d19fcbd6cedc8e339b08c958fa4f792ce331f483ce32 4.2s done
#31 ...

#33 [honeyaml auth] asc3t1c/honeyaml:pull,push token for ghcr.io
#33 DONE 0.0s

#31 [honeyaml] exporting to image
#31 pushing layers 2.7s done
#31 pushing manifest for ghcr.io/asc3t1c/honeyaml:24.04.1@sha256:94071b464849d0d2e5b8d19fcbd6cedc8e339b08c958fa4f792ce331f483ce32
#31 pushing manifest for ghcr.io/asc3t1c/honeyaml:24.04.1@sha256:94071b464849d0d2e5b8d19fcbd6cedc8e339b08c958fa4f792ce331f483ce32 1.7s done
#31 DONE 14.2s

#34 [honeyaml] resolving provenance for metadata file
#34 DONE 0.0s
