#0 building with "mybuilder" instance using docker-container driver

#1 [ipphoney internal] load build definition from Dockerfile
#1 transferring dockerfile: 1.38kB done
#1 DONE 0.0s

#2 [ipphoney linux/amd64 internal] load metadata for docker.io/library/alpine:3.20
#2 ...

#3 [ipphoney linux/arm64 internal] load metadata for docker.io/library/alpine:3.20
#3 DONE 0.2s

#2 [ipphoney linux/amd64 internal] load metadata for docker.io/library/alpine:3.20
#2 DONE 0.2s

#4 [ipphoney internal] load .dockerignore
#4 transferring context: 2B done
#4 DONE 0.0s

#5 [ipphoney linux/amd64 builder 1/7] FROM docker.io/library/alpine:3.20@sha256:31687a2fdd021f85955bf2d0c2682e9c0949827560e1db546358ea094f740f12
#5 resolve docker.io/library/alpine:3.20@sha256:31687a2fdd021f85955bf2d0c2682e9c0949827560e1db546358ea094f740f12 0.0s done
#5 DONE 0.0s

#6 [ipphoney linux/arm64 builder 1/7] FROM docker.io/library/alpine:3.20@sha256:31687a2fdd021f85955bf2d0c2682e9c0949827560e1db546358ea094f740f12
#6 resolve docker.io/library/alpine:3.20@sha256:31687a2fdd021f85955bf2d0c2682e9c0949827560e1db546358ea094f740f12 0.0s done
#6 DONE 0.0s

#7 [ipphoney internal] load build context
#7 transferring context: 103B done
#7 DONE 0.0s

#8 [ipphoney linux/arm64 builder 7/7] RUN pyinstaller ipphoney.py 		--hidden-import output_plugins 		--hidden-import output_plugins.jsonlog
#8 CACHED

#9 [ipphoney linux/arm64 builder 4/7] WORKDIR /opt/ipphoney
#9 CACHED

#10 [ipphoney linux/arm64 stage-1 2/6] RUN apk --no-cache -U upgrade
#10 CACHED

#11 [ipphoney linux/arm64 stage-1 3/6] COPY --from=builder /opt/ipphoney/dist/ /opt/
#11 CACHED

#12 [ipphoney linux/arm64 builder 6/7] RUN pip3 install --break-system-packages -r requirements.txt
#12 CACHED

#13 [ipphoney linux/arm64 stage-1 4/6] COPY --from=builder /opt/ipphoney/responses/ /opt/ipphoney/responses/
#13 CACHED

#14 [ipphoney linux/arm64 builder 2/7] COPY dist/ /root/dist/
#14 CACHED

#15 [ipphoney linux/arm64 builder 5/7] RUN pip3 install --break-system-packages pyinstaller
#15 CACHED

#16 [ipphoney linux/arm64 stage-1 5/6] COPY dist/honeypot.cfg /opt/ipphoney/etc/
#16 CACHED

#17 [ipphoney linux/arm64 builder 3/7] RUN apk --no-cache -U upgrade && 	apk --no-cache -U add 		build-base 		ca-certificates 		git 		libcap 		libffi-dev 		openssl 		openssl-dev 		postgresql-dev 		py3-cryptography 		py3-elasticsearch 		py3-geoip2 		py3-maxminddb 		py3-mysqlclient 		py3-requests 		py3-packaging 		py3-pip 		py3-psycopg2 		py3-redis 		py3-requests 		py3-service_identity 		py3-setuptools 		py3-twisted 		py3-tz 		py3-wheel 		python3 		python3-dev &&     mkdir -p /opt &&     cd /opt/ &&     git clone https://gitlab.com/bontchev/ipphoney.git/ &&     cd ipphoney &&     git checkout 9da0a9e7f9d839e4522f56b3bb2b790d87d65457 &&     cp /root/dist/requirements.txt .
#17 CACHED

#18 [ipphoney linux/arm64 stage-1 6/6] WORKDIR /opt/ipphoney/
#18 CACHED

#19 [ipphoney linux/amd64 stage-1 4/6] COPY --from=builder /opt/ipphoney/responses/ /opt/ipphoney/responses/
#19 CACHED

#20 [ipphoney linux/amd64 stage-1 2/6] RUN apk --no-cache -U upgrade
#20 CACHED

#21 [ipphoney linux/amd64 builder 3/7] RUN apk --no-cache -U upgrade && 	apk --no-cache -U add 		build-base 		ca-certificates 		git 		libcap 		libffi-dev 		openssl 		openssl-dev 		postgresql-dev 		py3-cryptography 		py3-elasticsearch 		py3-geoip2 		py3-maxminddb 		py3-mysqlclient 		py3-requests 		py3-packaging 		py3-pip 		py3-psycopg2 		py3-redis 		py3-requests 		py3-service_identity 		py3-setuptools 		py3-twisted 		py3-tz 		py3-wheel 		python3 		python3-dev &&     mkdir -p /opt &&     cd /opt/ &&     git clone https://gitlab.com/bontchev/ipphoney.git/ &&     cd ipphoney &&     git checkout 9da0a9e7f9d839e4522f56b3bb2b790d87d65457 &&     cp /root/dist/requirements.txt .
#21 CACHED

#22 [ipphoney linux/amd64 builder 6/7] RUN pip3 install --break-system-packages -r requirements.txt
#22 CACHED

#23 [ipphoney linux/amd64 builder 5/7] RUN pip3 install --break-system-packages pyinstaller
#23 CACHED

#24 [ipphoney linux/amd64 builder 2/7] COPY dist/ /root/dist/
#24 CACHED

#25 [ipphoney linux/amd64 builder 4/7] WORKDIR /opt/ipphoney
#25 CACHED

#26 [ipphoney linux/amd64 builder 7/7] RUN pyinstaller ipphoney.py 		--hidden-import output_plugins 		--hidden-import output_plugins.jsonlog
#26 CACHED

#27 [ipphoney linux/amd64 stage-1 3/6] COPY --from=builder /opt/ipphoney/dist/ /opt/
#27 CACHED

#28 [ipphoney linux/amd64 stage-1 5/6] COPY dist/honeypot.cfg /opt/ipphoney/etc/
#28 CACHED

#29 [ipphoney linux/amd64 stage-1 6/6] WORKDIR /opt/ipphoney/
#29 CACHED

#30 [ipphoney] exporting to image
#30 exporting layers done
#30 exporting manifest sha256:26e594d5bb1fcfed1d1aa1c648a050ce096ba2b02f6166d4b343f265ec5b4458 done
#30 exporting config sha256:79fd1c32dc01e8f0de42e6cc5b24cce833b07edac4959a50196cedaaaf5bcfcc done
#30 exporting attestation manifest sha256:7727e74380cc79012c34b8fc2dfde967d8919b4657aea6aefafbf96a8e1f2f66
#30 exporting attestation manifest sha256:7727e74380cc79012c34b8fc2dfde967d8919b4657aea6aefafbf96a8e1f2f66 0.0s done
#30 exporting manifest sha256:424dc802f26b9210d37de6181a96ff10e8cea53f5b1f5ae7dd5213f2b46ded9e done
#30 exporting config sha256:1aeb9caf96f3085b72442701908415fef3c7ed46d9b1e9d6a77cd34f28394add done
#30 exporting attestation manifest sha256:9cce8a54b7233b758d7fb597713911347b5b7524d27c916f09db4b34165eb2f7 0.0s done
#30 exporting manifest list sha256:ff75d948b66b394073709a130e6f9d52499ae6f6d94c879ecdcac8b3500d9052 0.0s done
#30 pushing layers
#30 ...

#31 [ipphoney auth] f0rc3ps/ipphoney:pull,push token for registry-1.docker.io
#31 DONE 0.0s

#30 [ipphoney] exporting to image
#30 pushing layers 3.2s done
#30 pushing manifest for docker.io/f0rc3ps/ipphoney:24.04.1@sha256:ff75d948b66b394073709a130e6f9d52499ae6f6d94c879ecdcac8b3500d9052
#30 pushing manifest for docker.io/f0rc3ps/ipphoney:24.04.1@sha256:ff75d948b66b394073709a130e6f9d52499ae6f6d94c879ecdcac8b3500d9052 2.2s done
#30 ...

#32 [ipphoney auth] asc3t1c/ipphoney:pull,push token for ghcr.io
#32 DONE 0.0s

#30 [ipphoney] exporting to image
#30 pushing layers 2.1s done
#30 pushing manifest for ghcr.io/asc3t1c/ipphoney:24.04.1@sha256:ff75d948b66b394073709a130e6f9d52499ae6f6d94c879ecdcac8b3500d9052
#30 pushing manifest for ghcr.io/asc3t1c/ipphoney:24.04.1@sha256:ff75d948b66b394073709a130e6f9d52499ae6f6d94c879ecdcac8b3500d9052 1.6s done
#30 DONE 9.3s

#33 [ipphoney] resolving provenance for metadata file
#33 DONE 0.0s
