#0 building with "mybuilder" instance using docker-container driver

#1 [log4pot internal] load build definition from Dockerfile
#1 transferring dockerfile: 1.84kB done
#1 DONE 0.0s

#2 [log4pot linux/arm64 internal] load metadata for docker.io/library/ubuntu:24.04
#2 DONE 0.7s

#3 [log4pot linux/amd64 internal] load metadata for docker.io/library/ubuntu:24.04
#3 DONE 0.9s

#4 [log4pot internal] load .dockerignore
#4 transferring context: 2B done
#4 DONE 0.0s

#5 [log4pot linux/arm64 1/3] FROM docker.io/library/ubuntu:24.04@sha256:72297848456d5d37d1262630108ab308d3e9ec7ed1c3286a32fe09856619a782
#5 resolve docker.io/library/ubuntu:24.04@sha256:72297848456d5d37d1262630108ab308d3e9ec7ed1c3286a32fe09856619a782 0.0s done
#5 DONE 0.0s

#6 [log4pot linux/arm64 2/3] RUN apt-get update -y &&     apt-get upgrade -y &&     apt-get install -y 		build-essential 		cargo 		cleo 		git 		libcap2 		libcap2-bin 		libcurl4t64 		libcurl4-gnutls-dev 		libffi8 		libffi-dev 		libssl-dev 		python3-pip 		python3 		python3-dev 		rust-all && 	pip3 install --no-cache-dir --break-system-packages 		poetry==1.8.3 		pycurl &&     mkdir -p /opt /var/log/log4pot &&     cd /opt/ &&     git clone https://github.com/thomaspatzke/Log4Pot &&     cd Log4Pot &&     git checkout 5002b1fe0f82359ef32dbc3a899e8a701dc3256e &&     sed -i 's#"type": logtype,#"reason": logtype,#g' log4pot-server.py &&     poetry --no-cache --without=dev install &&     setcap cap_net_bind_service=+ep $(readlink -f $(which python3)) &&     addgroup --gid 2000 log4pot &&     adduser --system --no-create-home --shell /bin/bash -uid 2000 --disabled-password --disabled-login -gid 2000 log4pot &&     chown log4pot:log4pot -R /opt/Log4Pot &&     apt-get purge -y build-essential 		cargo 		git 		libcurl4-gnutls-dev 		libffi-dev 		libssl-dev 		python3-dev 		python3-pip 		rust-all &&     apt-get autoremove -y --purge &&     apt-get clean && 	rm -rf /var/lib/apt/lists/* 		/tmp/* 		/var/tmp/* 		/root/.cache 		/opt/Log4Pot/.git
#6 CACHED

#7 [log4pot linux/arm64 3/3] WORKDIR /opt/Log4Pot/
#7 CACHED

#8 [log4pot linux/amd64 1/3] FROM docker.io/library/ubuntu:24.04@sha256:72297848456d5d37d1262630108ab308d3e9ec7ed1c3286a32fe09856619a782
#8 resolve docker.io/library/ubuntu:24.04@sha256:72297848456d5d37d1262630108ab308d3e9ec7ed1c3286a32fe09856619a782 0.0s done
#8 DONE 0.0s

#9 [log4pot linux/amd64 2/3] RUN apt-get update -y &&     apt-get upgrade -y &&     apt-get install -y 		build-essential 		cargo 		cleo 		git 		libcap2 		libcap2-bin 		libcurl4t64 		libcurl4-gnutls-dev 		libffi8 		libffi-dev 		libssl-dev 		python3-pip 		python3 		python3-dev 		rust-all && 	pip3 install --no-cache-dir --break-system-packages 		poetry==1.8.3 		pycurl &&     mkdir -p /opt /var/log/log4pot &&     cd /opt/ &&     git clone https://github.com/thomaspatzke/Log4Pot &&     cd Log4Pot &&     git checkout 5002b1fe0f82359ef32dbc3a899e8a701dc3256e &&     sed -i 's#"type": logtype,#"reason": logtype,#g' log4pot-server.py &&     poetry --no-cache --without=dev install &&     setcap cap_net_bind_service=+ep $(readlink -f $(which python3)) &&     addgroup --gid 2000 log4pot &&     adduser --system --no-create-home --shell /bin/bash -uid 2000 --disabled-password --disabled-login -gid 2000 log4pot &&     chown log4pot:log4pot -R /opt/Log4Pot &&     apt-get purge -y build-essential 		cargo 		git 		libcurl4-gnutls-dev 		libffi-dev 		libssl-dev 		python3-dev 		python3-pip 		rust-all &&     apt-get autoremove -y --purge &&     apt-get clean && 	rm -rf /var/lib/apt/lists/* 		/tmp/* 		/var/tmp/* 		/root/.cache 		/opt/Log4Pot/.git
#9 CACHED

#10 [log4pot linux/amd64 3/3] WORKDIR /opt/Log4Pot/
#10 CACHED

#11 [log4pot] exporting to image
#11 exporting layers done
#11 exporting manifest sha256:05411fc51bd467b5d3fec00d78b27c984bdadf3fbb8b1ebe796d7e2651e1e407 done
#11 exporting config sha256:affff481de4c6b540b3a7a65b88e88735c8d8a20e389d8ffa40a1398c6b3dddb done
#11 exporting attestation manifest sha256:c14d936cbce63aea034d774a4bde0fde6e87e3118e166c76e02f07f9d601e897 0.0s done
#11 exporting manifest sha256:8cf08d043e6628d7ebc8df4d1fc8d69038b6aa1d02f520592f5321f20ad1f8c7 done
#11 exporting config sha256:f33bf46a75e4e3692f8345e1402267b6e8f3fd991b50c601180788bd67793a29 done
#11 exporting attestation manifest sha256:c0b66bc15c0ae4338ee5a9b703c348caa15c0ca6c7a5d252e4bfcd1aea708be8
#11 exporting attestation manifest sha256:c0b66bc15c0ae4338ee5a9b703c348caa15c0ca6c7a5d252e4bfcd1aea708be8 0.0s done
#11 exporting manifest list sha256:bc940979192d047cb97c3724a8a4cc195f05b6923a69e0a1bbdd4f1b2b48688e 0.0s done
#11 pushing layers
#11 ...

#12 [log4pot auth] f0rc3ps/log4pot:pull,push token for registry-1.docker.io
#12 DONE 0.0s

#11 [log4pot] exporting to image
#11 pushing layers 7.0s done
#11 pushing manifest for docker.io/f0rc3ps/log4pot:24.04.1@sha256:bc940979192d047cb97c3724a8a4cc195f05b6923a69e0a1bbdd4f1b2b48688e
#11 pushing manifest for docker.io/f0rc3ps/log4pot:24.04.1@sha256:bc940979192d047cb97c3724a8a4cc195f05b6923a69e0a1bbdd4f1b2b48688e 5.7s done
#11 pushing layers
#11 ...

#13 [log4pot auth] asc3t1c/log4pot:pull,push token for ghcr.io
#13 DONE 0.0s

#11 [log4pot] exporting to image
#11 pushing layers 3.1s done
#11 pushing manifest for ghcr.io/asc3t1c/log4pot:24.04.1@sha256:bc940979192d047cb97c3724a8a4cc195f05b6923a69e0a1bbdd4f1b2b48688e
#11 pushing manifest for ghcr.io/asc3t1c/log4pot:24.04.1@sha256:bc940979192d047cb97c3724a8a4cc195f05b6923a69e0a1bbdd4f1b2b48688e 2.5s done
#11 DONE 18.4s

#14 [log4pot] resolving provenance for metadata file
#14 DONE 0.0s
