Compose now can delegate build to bake for better performances
Just set COMPOSE_BAKE=true
#0 building with "mybuilder" instance using docker-container driver

#1 [map internal] load build definition from Dockerfile
#1 transferring dockerfile: 1.09kB 0.0s done
#1 DONE 0.1s

#2 [map linux/arm64 internal] load metadata for docker.io/library/alpine:3.20
#2 ...

#3 [map linux/amd64 internal] load metadata for docker.io/library/alpine:3.20
#3 DONE 0.4s

#2 [map linux/arm64 internal] load metadata for docker.io/library/alpine:3.20
#2 DONE 0.4s

#4 [map internal] load .dockerignore
#4 transferring context: 2B done
#4 DONE 0.0s

#5 [map linux/amd64 1/3] FROM docker.io/library/alpine:3.20@sha256:de4fe7064d8f98419ea6b49190df1abbf43450c1702eeb864fe9ced453c1cc5f
#5 resolve docker.io/library/alpine:3.20@sha256:de4fe7064d8f98419ea6b49190df1abbf43450c1702eeb864fe9ced453c1cc5f 0.0s done
#5 CACHED

#6 [map linux/arm64 1/3] FROM docker.io/library/alpine:3.20@sha256:de4fe7064d8f98419ea6b49190df1abbf43450c1702eeb864fe9ced453c1cc5f
#6 resolve docker.io/library/alpine:3.20@sha256:de4fe7064d8f98419ea6b49190df1abbf43450c1702eeb864fe9ced453c1cc5f 0.0s done
#6 CACHED

#7 [map linux/arm64 2/3] RUN apk --no-cache -U upgrade &&     apk --no-cache -U add 		build-base 		git 		libcap 		py3-pip 		python3 		python3-dev 		tzdata &&     mkdir -p /opt &&     cd /opt/ &&     git clone https://github.com/t3chn0m4g3/t-pot-attack-map -b 2.2.6 &&     cd t-pot-attack-map &&     pip3 install --break-system-packages --upgrade pip &&     pip3 install --break-system-packages -r requirements.txt &&     setcap cap_net_bind_service=+ep $(readlink -f $(type -P python3)) &&     addgroup -g 2000 map &&     adduser -S -H -s /bin/ash -u 2000 -D -g 2000 map &&     chown map:map -R /opt/t-pot-attack-map &&     apk del --purge build-base 		git 		python3-dev &&     rm -rf /root/* /var/cache/apk/*            /opt/t-pot-attack-map/.git
#7 0.519 fetch https://dl-cdn.alpinelinux.org/alpine/v3.20/main/aarch64/APKINDEX.tar.gz
#7 2.339 fetch https://dl-cdn.alpinelinux.org/alpine/v3.20/community/aarch64/APKINDEX.tar.gz
#7 ...

#8 [map linux/amd64 2/3] RUN apk --no-cache -U upgrade &&     apk --no-cache -U add 		build-base 		git 		libcap 		py3-pip 		python3 		python3-dev 		tzdata &&     mkdir -p /opt &&     cd /opt/ &&     git clone https://github.com/t3chn0m4g3/t-pot-attack-map -b 2.2.6 &&     cd t-pot-attack-map &&     pip3 install --break-system-packages --upgrade pip &&     pip3 install --break-system-packages -r requirements.txt &&     setcap cap_net_bind_service=+ep $(readlink -f $(type -P python3)) &&     addgroup -g 2000 map &&     adduser -S -H -s /bin/ash -u 2000 -D -g 2000 map &&     chown map:map -R /opt/t-pot-attack-map &&     apk del --purge build-base 		git 		python3-dev &&     rm -rf /root/* /var/cache/apk/*            /opt/t-pot-attack-map/.git
#8 0.250 fetch https://dl-cdn.alpinelinux.org/alpine/v3.20/main/x86_64/APKINDEX.tar.gz
#8 0.555 fetch https://dl-cdn.alpinelinux.org/alpine/v3.20/community/x86_64/APKINDEX.tar.gz
#8 1.578 OK: 8 MiB in 14 packages
#8 1.760 fetch https://dl-cdn.alpinelinux.org/alpine/v3.20/main/x86_64/APKINDEX.tar.gz
#8 1.977 fetch https://dl-cdn.alpinelinux.org/alpine/v3.20/community/x86_64/APKINDEX.tar.gz
#8 2.874 (1/63) Installing libgcc (13.2.1_git20240309-r1)
#8 2.895 (2/63) Installing jansson (2.14-r4)
#8 2.924 (3/63) Installing libstdc++ (13.2.1_git20240309-r1)
#8 3.016 (4/63) Installing zstd-libs (1.5.6-r0)
#8 3.058 (5/63) Installing binutils (2.42-r0)
#8 3.374 (6/63) Installing libmagic (5.45-r1)
#8 3.468 (7/63) Installing file (5.45-r1)
#8 3.476 (8/63) Installing libgomp (13.2.1_git20240309-r1)
#8 3.501 (9/63) Installing libatomic (13.2.1_git20240309-r1)
#8 3.509 (10/63) Installing gmp (6.3.0-r1)
#8 3.538 (11/63) Installing isl26 (0.26-r1)
#8 3.624 (12/63) Installing mpfr4 (4.2.1-r0)
#8 3.662 (13/63) Installing mpc1 (1.3.1-r1)
#8 3.675 (14/63) Installing gcc (13.2.1_git20240309-r1)
#8 ...

#7 [map linux/arm64 2/3] RUN apk --no-cache -U upgrade &&     apk --no-cache -U add 		build-base 		git 		libcap 		py3-pip 		python3 		python3-dev 		tzdata &&     mkdir -p /opt &&     cd /opt/ &&     git clone https://github.com/t3chn0m4g3/t-pot-attack-map -b 2.2.6 &&     cd t-pot-attack-map &&     pip3 install --break-system-packages --upgrade pip &&     pip3 install --break-system-packages -r requirements.txt &&     setcap cap_net_bind_service=+ep $(readlink -f $(type -P python3)) &&     addgroup -g 2000 map &&     adduser -S -H -s /bin/ash -u 2000 -D -g 2000 map &&     chown map:map -R /opt/t-pot-attack-map &&     apk del --purge build-base 		git 		python3-dev &&     rm -rf /root/* /var/cache/apk/*            /opt/t-pot-attack-map/.git
#7 6.302 OK: 9 MiB in 14 packages
#7 6.962 fetch https://dl-cdn.alpinelinux.org/alpine/v3.20/main/aarch64/APKINDEX.tar.gz
#7 8.458 fetch https://dl-cdn.alpinelinux.org/alpine/v3.20/community/aarch64/APKINDEX.tar.gz
#7 ...

#8 [map linux/amd64 2/3] RUN apk --no-cache -U upgrade &&     apk --no-cache -U add 		build-base 		git 		libcap 		py3-pip 		python3 		python3-dev 		tzdata &&     mkdir -p /opt &&     cd /opt/ &&     git clone https://github.com/t3chn0m4g3/t-pot-attack-map -b 2.2.6 &&     cd t-pot-attack-map &&     pip3 install --break-system-packages --upgrade pip &&     pip3 install --break-system-packages -r requirements.txt &&     setcap cap_net_bind_service=+ep $(readlink -f $(type -P python3)) &&     addgroup -g 2000 map &&     adduser -S -H -s /bin/ash -u 2000 -D -g 2000 map &&     chown map:map -R /opt/t-pot-attack-map &&     apk del --purge build-base 		git 		python3-dev &&     rm -rf /root/* /var/cache/apk/*            /opt/t-pot-attack-map/.git
#8 7.981 (15/63) Installing libstdc++-dev (13.2.1_git20240309-r1)
#8 8.394 (16/63) Installing musl-dev (1.2.5-r1)
#8 8.797 (17/63) Installing g++ (13.2.1_git20240309-r1)
#8 10.38 (18/63) Installing make (4.4.1-r2)
#8 10.40 (19/63) Installing fortify-headers (1.1-r3)
#8 10.41 (20/63) Installing patch (2.7.6-r10)
#8 10.42 (21/63) Installing build-base (0.5-r3)
#8 10.44 (22/63) Installing ca-certificates (20241121-r1)
#8 10.56 (23/63) Installing brotli-libs (1.1.0-r2)
#8 10.62 (24/63) Installing c-ares (1.33.1-r0)
#8 10.64 (25/63) Installing libunistring (1.2-r0)
#8 10.72 (26/63) Installing libidn2 (2.3.7-r0)
#8 10.74 (27/63) Installing nghttp2-libs (1.62.1-r0)
#8 10.75 (28/63) Installing libpsl (0.21.5-r1)
#8 10.76 (29/63) Installing libcurl (8.12.1-r0)
#8 10.80 (30/63) Installing libexpat (2.6.4-r0)
#8 10.82 (31/63) Installing pcre2 (10.43-r0)
#8 10.86 (32/63) Installing git (2.45.3-r0)
#8 11.22 (33/63) Installing git-init-template (2.45.3-r0)
#8 11.23 (34/63) Installing libcap2 (2.70-r0)
#8 11.24 (35/63) Installing libcap-getcap (2.70-r0)
#8 11.25 (36/63) Installing libcap-setcap (2.70-r0)
#8 11.25 (37/63) Installing libcap-utils (2.70-r0)
#8 11.26 (38/63) Installing libcap (2.70-r0)
#8 11.28 (39/63) Installing libbz2 (1.0.8-r6)
#8 11.29 (40/63) Installing libffi (3.4.6-r0)
#8 11.30 (41/63) Installing gdbm (1.23-r1)
#8 11.31 (42/63) Installing xz-libs (5.6.2-r0)
#8 11.34 (43/63) Installing mpdecimal (4.0.0-r0)
#8 11.36 (44/63) Installing ncurses-terminfo-base (6.4_p20240420-r2)
#8 11.37 (45/63) Installing libncursesw (6.4_p20240420-r2)
#8 11.40 (46/63) Installing libpanelw (6.4_p20240420-r2)
#8 11.41 (47/63) Installing readline (8.2.10-r0)
#8 11.44 (48/63) Installing sqlite-libs (3.45.3-r1)
#8 11.53 (49/63) Installing python3 (3.12.9-r0)
#8 12.39 (50/63) Installing python3-pycache-pyc0 (3.12.9-r0)
#8 12.95 (51/63) Installing pyc (3.12.9-r0)
#8 12.96 (52/63) Installing py3-setuptools-pyc (70.3.0-r0)
#8 13.17 (53/63) Installing py3-pip-pyc (24.0-r2)
#8 13.48 (54/63) Installing py3-parsing (3.1.2-r1)
#8 13.51 (55/63) Installing py3-parsing-pyc (3.1.2-r1)
#8 13.54 (56/63) Installing py3-packaging-pyc (24.0-r1)
#8 13.56 (57/63) Installing python3-pyc (3.12.9-r0)
#8 13.56 (58/63) Installing py3-packaging (24.0-r1)
#8 13.58 (59/63) Installing py3-setuptools (70.3.0-r0)
#8 13.70 (60/63) Installing py3-pip (24.0-r2)
#8 13.97 (61/63) Installing pkgconf (2.2.0-r0)
#8 13.98 (62/63) Installing python3-dev (3.12.9-r0)
#8 20.26 (63/63) Installing tzdata (2025a-r0)
#8 20.40 Executing busybox-1.36.1-r29.trigger
#8 20.44 Executing ca-certificates-20241121-r1.trigger
#8 20.59 OK: 395 MiB in 77 packages
#8 20.96 Cloning into 't-pot-attack-map'...
#8 ...

#7 [map linux/arm64 2/3] RUN apk --no-cache -U upgrade &&     apk --no-cache -U add 		build-base 		git 		libcap 		py3-pip 		python3 		python3-dev 		tzdata &&     mkdir -p /opt &&     cd /opt/ &&     git clone https://github.com/t3chn0m4g3/t-pot-attack-map -b 2.2.6 &&     cd t-pot-attack-map &&     pip3 install --break-system-packages --upgrade pip &&     pip3 install --break-system-packages -r requirements.txt &&     setcap cap_net_bind_service=+ep $(readlink -f $(type -P python3)) &&     addgroup -g 2000 map &&     adduser -S -H -s /bin/ash -u 2000 -D -g 2000 map &&     chown map:map -R /opt/t-pot-attack-map &&     apk del --purge build-base 		git 		python3-dev &&     rm -rf /root/* /var/cache/apk/*            /opt/t-pot-attack-map/.git
#7 11.94 (1/63) Installing libgcc (13.2.1_git20240309-r1)
#7 12.03 (2/63) Installing jansson (2.14-r4)
#7 12.11 (3/63) Installing libstdc++ (13.2.1_git20240309-r1)
#7 12.36 (4/63) Installing zstd-libs (1.5.6-r0)
#7 12.46 (5/63) Installing binutils (2.42-r0)
#7 13.56 (6/63) Installing libmagic (5.45-r1)
#7 14.04 (7/63) Installing file (5.45-r1)
#7 14.05 (8/63) Installing libgomp (13.2.1_git20240309-r1)
#7 14.13 (9/63) Installing libatomic (13.2.1_git20240309-r1)
#7 14.15 (10/63) Installing gmp (6.3.0-r1)
#7 14.26 (11/63) Installing isl26 (0.26-r1)
#7 14.55 (12/63) Installing mpfr4 (4.2.1-r0)
#7 14.67 (13/63) Installing mpc1 (1.3.1-r1)
#7 14.73 (14/63) Installing gcc (13.2.1_git20240309-r1)
#7 ...

#8 [map linux/amd64 2/3] RUN apk --no-cache -U upgrade &&     apk --no-cache -U add 		build-base 		git 		libcap 		py3-pip 		python3 		python3-dev 		tzdata &&     mkdir -p /opt &&     cd /opt/ &&     git clone https://github.com/t3chn0m4g3/t-pot-attack-map -b 2.2.6 &&     cd t-pot-attack-map &&     pip3 install --break-system-packages --upgrade pip &&     pip3 install --break-system-packages -r requirements.txt &&     setcap cap_net_bind_service=+ep $(readlink -f $(type -P python3)) &&     addgroup -g 2000 map &&     adduser -S -H -s /bin/ash -u 2000 -D -g 2000 map &&     chown map:map -R /opt/t-pot-attack-map &&     apk del --purge build-base 		git 		python3-dev &&     rm -rf /root/* /var/cache/apk/*            /opt/t-pot-attack-map/.git
#8 22.90 Note: switching to '8162d703034a9f1c6aa0aa34e8ee3a9e683e0009'.
#8 22.90 
#8 22.90 You are in 'detached HEAD' state. You can look around, make experimental
#8 22.90 changes and commit them, and you can discard any commits you make in this
#8 22.90 state without impacting any branches by switching back to a branch.
#8 22.90 
#8 22.90 If you want to create a new branch to retain commits you create, you may
#8 22.90 do so (now or later) by using -c with the switch command. Example:
#8 22.90 
#8 22.90   git switch -c <new-branch-name>
#8 22.90 
#8 22.90 Or undo this operation with:
#8 22.90 
#8 22.90   git switch -
#8 22.90 
#8 22.90 Turn off this advice by setting config variable advice.detachedHead to false
#8 22.90 
#8 28.70 Requirement already satisfied: pip in /usr/lib/python3.12/site-packages (24.0)
#8 28.96 Collecting pip
#8 29.04   Downloading pip-25.0.1-py3-none-any.whl.metadata (3.7 kB)
#8 29.07 Downloading pip-25.0.1-py3-none-any.whl (1.8 MB)
#8 29.31    ━━━━━━━━━━━━━━━━━━━━━━━━━━━━━━━━━━━━━━━━ 1.8/1.8 MB 8.1 MB/s eta 0:00:00
#8 29.53 Installing collected packages: pip
#8 29.54   Attempting uninstall: pip
#8 29.55     Found existing installation: pip 24.0
#8 29.56     Uninstalling pip-24.0:
#8 29.60       Successfully uninstalled pip-24.0
#8 ...

#7 [map linux/arm64 2/3] RUN apk --no-cache -U upgrade &&     apk --no-cache -U add 		build-base 		git 		libcap 		py3-pip 		python3 		python3-dev 		tzdata &&     mkdir -p /opt &&     cd /opt/ &&     git clone https://github.com/t3chn0m4g3/t-pot-attack-map -b 2.2.6 &&     cd t-pot-attack-map &&     pip3 install --break-system-packages --upgrade pip &&     pip3 install --break-system-packages -r requirements.txt &&     setcap cap_net_bind_service=+ep $(readlink -f $(type -P python3)) &&     addgroup -g 2000 map &&     adduser -S -H -s /bin/ash -u 2000 -D -g 2000 map &&     chown map:map -R /opt/t-pot-attack-map &&     apk del --purge build-base 		git 		python3-dev &&     rm -rf /root/* /var/cache/apk/*            /opt/t-pot-attack-map/.git
#7 31.85 (15/63) Installing libstdc++-dev (13.2.1_git20240309-r1)
#7 33.67 (16/63) Installing musl-dev (1.2.5-r1)
#7 34.67 (17/63) Installing g++ (13.2.1_git20240309-r1)
#7 ...

#8 [map linux/amd64 2/3] RUN apk --no-cache -U upgrade &&     apk --no-cache -U add 		build-base 		git 		libcap 		py3-pip 		python3 		python3-dev 		tzdata &&     mkdir -p /opt &&     cd /opt/ &&     git clone https://github.com/t3chn0m4g3/t-pot-attack-map -b 2.2.6 &&     cd t-pot-attack-map &&     pip3 install --break-system-packages --upgrade pip &&     pip3 install --break-system-packages -r requirements.txt &&     setcap cap_net_bind_service=+ep $(readlink -f $(type -P python3)) &&     addgroup -g 2000 map &&     adduser -S -H -s /bin/ash -u 2000 -D -g 2000 map &&     chown map:map -R /opt/t-pot-attack-map &&     apk del --purge build-base 		git 		python3-dev &&     rm -rf /root/* /var/cache/apk/*            /opt/t-pot-attack-map/.git
#8 34.21 Successfully installed pip-25.0.1
#8 34.21 WARNING: Running pip as the 'root' user can result in broken permissions and conflicting behaviour with the system package manager. It is recommended to use a virtual environment instead: https://pip.pypa.io/warnings/venv
#8 37.12 Collecting aiohttp (from -r requirements.txt (line 1))
#8 37.22   Downloading aiohttp-3.11.13-cp312-cp312-musllinux_1_2_x86_64.whl.metadata (7.7 kB)
#8 37.33 Collecting elasticsearch (from -r requirements.txt (line 2))
#8 37.34   Downloading elasticsearch-8.17.1-py3-none-any.whl.metadata (8.8 kB)
#8 37.49 Collecting pytz (from -r requirements.txt (line 3))
#8 37.50   Downloading pytz-2025.1-py2.py3-none-any.whl.metadata (22 kB)
#8 37.62 Collecting redis (from -r requirements.txt (line 4))
#8 37.63   Downloading redis-5.2.1-py3-none-any.whl.metadata (9.1 kB)
#8 37.68 Collecting tzlocal (from -r requirements.txt (line 5))
#8 37.69   Downloading tzlocal-5.3-py3-none-any.whl.metadata (7.6 kB)
#8 37.76 Collecting aiohappyeyeballs>=2.3.0 (from aiohttp->-r requirements.txt (line 1))
#8 37.76   Downloading aiohappyeyeballs-2.4.6-py3-none-any.whl.metadata (5.9 kB)
#8 37.80 Collecting aiosignal>=1.1.2 (from aiohttp->-r requirements.txt (line 1))
#8 37.81   Downloading aiosignal-1.3.2-py2.py3-none-any.whl.metadata (3.8 kB)
#8 37.86 Collecting attrs>=17.3.0 (from aiohttp->-r requirements.txt (line 1))
#8 37.87   Downloading attrs-25.1.0-py3-none-any.whl.metadata (10 kB)
#8 38.05 Collecting frozenlist>=1.1.1 (from aiohttp->-r requirements.txt (line 1))
#8 38.06   Downloading frozenlist-1.5.0-cp312-cp312-musllinux_1_2_x86_64.whl.metadata (13 kB)
#8 38.48 Collecting multidict<7.0,>=4.5 (from aiohttp->-r requirements.txt (line 1))
#8 38.50   Downloading multidict-6.1.0-cp312-cp312-musllinux_1_2_x86_64.whl.metadata (5.0 kB)
#8 38.60 Collecting propcache>=0.2.0 (from aiohttp->-r requirements.txt (line 1))
#8 38.60   Downloading propcache-0.3.0-cp312-cp312-musllinux_1_2_x86_64.whl.metadata (10 kB)
#8 39.33 Collecting yarl<2.0,>=1.17.0 (from aiohttp->-r requirements.txt (line 1))
#8 39.34   Downloading yarl-1.18.3-cp312-cp312-musllinux_1_2_x86_64.whl.metadata (69 kB)
#8 39.44 Collecting elastic-transport<9,>=8.15.1 (from elasticsearch->-r requirements.txt (line 2))
#8 39.50   Downloading elastic_transport-8.17.0-py3-none-any.whl.metadata (3.6 kB)
#8 39.59 Collecting urllib3<3,>=1.26.2 (from elastic-transport<9,>=8.15.1->elasticsearch->-r requirements.txt (line 2))
#8 39.59   Downloading urllib3-2.3.0-py3-none-any.whl.metadata (6.5 kB)
#8 39.66 Collecting certifi (from elastic-transport<9,>=8.15.1->elasticsearch->-r requirements.txt (line 2))
#8 39.68   Downloading certifi-2025.1.31-py3-none-any.whl.metadata (2.5 kB)
#8 39.75 Collecting idna>=2.0 (from yarl<2.0,>=1.17.0->aiohttp->-r requirements.txt (line 1))
#8 39.76   Downloading idna-3.10-py3-none-any.whl.metadata (10 kB)
#8 39.81 Downloading aiohttp-3.11.13-cp312-cp312-musllinux_1_2_x86_64.whl (1.7 MB)
#8 39.98    ━━━━━━━━━━━━━━━━━━━━━━━━━━━━━━━━━━━━━━━━ 1.7/1.7 MB 9.8 MB/s eta 0:00:00
#8 40.00 Downloading elasticsearch-8.17.1-py3-none-any.whl (653 kB)
#8 40.08    ━━━━━━━━━━━━━━━━━━━━━━━━━━━━━━━━━━━━━━━━ 654.0/654.0 kB 7.2 MB/s eta 0:00:00
#8 40.10 Downloading pytz-2025.1-py2.py3-none-any.whl (507 kB)
#8 40.16 Downloading redis-5.2.1-py3-none-any.whl (261 kB)
#8 40.19 Downloading tzlocal-5.3-py3-none-any.whl (17 kB)
#8 40.21 Downloading aiohappyeyeballs-2.4.6-py3-none-any.whl (14 kB)
#8 40.23 Downloading aiosignal-1.3.2-py2.py3-none-any.whl (7.6 kB)
#8 40.25 Downloading attrs-25.1.0-py3-none-any.whl (63 kB)
#8 40.27 Downloading elastic_transport-8.17.0-py3-none-any.whl (64 kB)
#8 40.29 Downloading frozenlist-1.5.0-cp312-cp312-musllinux_1_2_x86_64.whl (280 kB)
#8 40.35 Downloading multidict-6.1.0-cp312-cp312-musllinux_1_2_x86_64.whl (125 kB)
#8 40.37 Downloading propcache-0.3.0-cp312-cp312-musllinux_1_2_x86_64.whl (230 kB)
#8 40.42 Downloading yarl-1.18.3-cp312-cp312-musllinux_1_2_x86_64.whl (357 kB)
#8 40.49 Downloading idna-3.10-py3-none-any.whl (70 kB)
#8 40.51 Downloading urllib3-2.3.0-py3-none-any.whl (128 kB)
#8 40.54 Downloading certifi-2025.1.31-py3-none-any.whl (166 kB)
#8 40.83 Installing collected packages: pytz, urllib3, tzlocal, redis, propcache, multidict, idna, frozenlist, certifi, attrs, aiohappyeyeballs, yarl, elastic-transport, aiosignal, elasticsearch, aiohttp
#8 ...

#7 [map linux/arm64 2/3] RUN apk --no-cache -U upgrade &&     apk --no-cache -U add 		build-base 		git 		libcap 		py3-pip 		python3 		python3-dev 		tzdata &&     mkdir -p /opt &&     cd /opt/ &&     git clone https://github.com/t3chn0m4g3/t-pot-attack-map -b 2.2.6 &&     cd t-pot-attack-map &&     pip3 install --break-system-packages --upgrade pip &&     pip3 install --break-system-packages -r requirements.txt &&     setcap cap_net_bind_service=+ep $(readlink -f $(type -P python3)) &&     addgroup -g 2000 map &&     adduser -S -H -s /bin/ash -u 2000 -D -g 2000 map &&     chown map:map -R /opt/t-pot-attack-map &&     apk del --purge build-base 		git 		python3-dev &&     rm -rf /root/* /var/cache/apk/*            /opt/t-pot-attack-map/.git
#7 39.13 (18/63) Installing make (4.4.1-r2)
#7 39.19 (19/63) Installing fortify-headers (1.1-r3)
#7 39.21 (20/63) Installing patch (2.7.6-r10)
#7 39.25 (21/63) Installing build-base (0.5-r3)
#7 39.27 (22/63) Installing ca-certificates (20241121-r1)
#7 39.43 (23/63) Installing brotli-libs (1.1.0-r2)
#7 39.60 (24/63) Installing c-ares (1.33.1-r0)
#7 39.66 (25/63) Installing libunistring (1.2-r0)
#7 39.90 (26/63) Installing libidn2 (2.3.7-r0)
#7 39.95 (27/63) Installing nghttp2-libs (1.62.1-r0)
#7 39.98 (28/63) Installing libpsl (0.21.5-r1)
#7 40.01 (29/63) Installing libcurl (8.12.1-r0)
#7 40.17 (30/63) Installing libexpat (2.6.4-r0)
#7 40.20 (31/63) Installing pcre2 (10.43-r0)
#7 40.29 (32/63) Installing git (2.45.3-r0)
#7 41.36 (33/63) Installing git-init-template (2.45.3-r0)
#7 41.38 (34/63) Installing libcap2 (2.70-r0)
#7 41.41 (35/63) Installing libcap-getcap (2.70-r0)
#7 41.42 (36/63) Installing libcap-setcap (2.70-r0)
#7 41.43 (37/63) Installing libcap-utils (2.70-r0)
#7 41.45 (38/63) Installing libcap (2.70-r0)
#7 41.46 (39/63) Installing libbz2 (1.0.8-r6)
#7 41.49 (40/63) Installing libffi (3.4.6-r0)
#7 41.50 (41/63) Installing gdbm (1.23-r1)
#7 41.53 (42/63) Installing xz-libs (5.6.2-r0)
#7 41.57 (43/63) Installing mpdecimal (4.0.0-r0)
#7 41.60 (44/63) Installing ncurses-terminfo-base (6.4_p20240420-r2)
#7 41.63 (45/63) Installing libncursesw (6.4_p20240420-r2)
#7 41.69 (46/63) Installing libpanelw (6.4_p20240420-r2)
#7 41.71 (47/63) Installing readline (8.2.10-r0)
#7 41.74 (48/63) Installing sqlite-libs (3.45.3-r1)
#7 41.99 (49/63) Installing python3 (3.12.9-r0)
#7 45.25 (50/63) Installing python3-pycache-pyc0 (3.12.9-r0)
#7 46.93 (51/63) Installing pyc (3.12.9-r0)
#7 46.94 (52/63) Installing py3-setuptools-pyc (70.3.0-r0)
#7 ...

#8 [map linux/amd64 2/3] RUN apk --no-cache -U upgrade &&     apk --no-cache -U add 		build-base 		git 		libcap 		py3-pip 		python3 		python3-dev 		tzdata &&     mkdir -p /opt &&     cd /opt/ &&     git clone https://github.com/t3chn0m4g3/t-pot-attack-map -b 2.2.6 &&     cd t-pot-attack-map &&     pip3 install --break-system-packages --upgrade pip &&     pip3 install --break-system-packages -r requirements.txt &&     setcap cap_net_bind_service=+ep $(readlink -f $(type -P python3)) &&     addgroup -g 2000 map &&     adduser -S -H -s /bin/ash -u 2000 -D -g 2000 map &&     chown map:map -R /opt/t-pot-attack-map &&     apk del --purge build-base 		git 		python3-dev &&     rm -rf /root/* /var/cache/apk/*            /opt/t-pot-attack-map/.git
#8 47.54 Successfully installed aiohappyeyeballs-2.4.6 aiohttp-3.11.13 aiosignal-1.3.2 attrs-25.1.0 certifi-2025.1.31 elastic-transport-8.17.0 elasticsearch-8.17.1 frozenlist-1.5.0 idna-3.10 multidict-6.1.0 propcache-0.3.0 pytz-2025.1 redis-5.2.1 tzlocal-5.3 urllib3-2.3.0 yarl-1.18.3
#8 47.54 WARNING: Running pip as the 'root' user can result in broken permissions and conflicting behaviour with the system package manager, possibly rendering your system unusable. It is recommended to use a virtual environment instead: https://pip.pypa.io/warnings/venv. Use the --root-user-action option if you know what you are doing and want to suppress this warning.
#8 47.96 WARNING: opening from cache https://dl-cdn.alpinelinux.org/alpine/v3.20/main: No such file or directory
#8 47.96 WARNING: opening from cache https://dl-cdn.alpinelinux.org/alpine/v3.20/community: No such file or directory
#8 47.96 (1/32) Purging build-base (0.5-r3)
#8 47.96 (2/32) Purging file (5.45-r1)
#8 47.96 (3/32) Purging g++ (13.2.1_git20240309-r1)
#8 47.98 (4/32) Purging libstdc++-dev (13.2.1_git20240309-r1)
#8 48.06 (5/32) Purging gcc (13.2.1_git20240309-r1)
#8 48.15 (6/32) Purging binutils (2.42-r0)
#8 48.16 (7/32) Purging libatomic (13.2.1_git20240309-r1)
#8 48.16 (8/32) Purging libgomp (13.2.1_git20240309-r1)
#8 48.16 (9/32) Purging make (4.4.1-r2)
#8 48.16 (10/32) Purging fortify-headers (1.1-r3)
#8 48.16 (11/32) Purging patch (2.7.6-r10)
#8 48.17 (12/32) Purging git-init-template (2.45.3-r0)
#8 48.17 (13/32) Purging git (2.45.3-r0)
#8 48.18 (14/32) Purging isl26 (0.26-r1)
#8 48.18 (15/32) Purging jansson (2.14-r4)
#8 48.18 (16/32) Purging libcurl (8.12.1-r0)
#8 48.18 (17/32) Purging ca-certificates (20241121-r1)
#8 48.19 Executing ca-certificates-20241121-r1.post-deinstall
#8 48.21 (18/32) Purging libmagic (5.45-r1)
#8 48.21 (19/32) Purging libpsl (0.21.5-r1)
#8 48.21 (20/32) Purging mpc1 (1.3.1-r1)
#8 48.21 (21/32) Purging mpfr4 (4.2.1-r0)
#8 48.21 (22/32) Purging musl-dev (1.2.5-r1)
#8 48.23 (23/32) Purging nghttp2-libs (1.62.1-r0)
#8 48.23 (24/32) Purging pcre2 (10.43-r0)
#8 48.23 (25/32) Purging python3-dev (3.12.9-r0)
#8 48.28 (26/32) Purging zstd-libs (1.5.6-r0)
#8 48.28 (27/32) Purging brotli-libs (1.1.0-r2)
#8 48.28 (28/32) Purging c-ares (1.33.1-r0)
#8 48.28 (29/32) Purging gmp (6.3.0-r1)
#8 48.28 (30/32) Purging libidn2 (2.3.7-r0)
#8 48.28 (31/32) Purging libunistring (1.2-r0)
#8 48.28 (32/32) Purging pkgconf (2.2.0-r0)
#8 48.28 Executing busybox-1.36.1-r29.trigger
#8 48.29 OK: 77 MiB in 45 packages
#8 DONE 49.3s

#7 [map linux/arm64 2/3] RUN apk --no-cache -U upgrade &&     apk --no-cache -U add 		build-base 		git 		libcap 		py3-pip 		python3 		python3-dev 		tzdata &&     mkdir -p /opt &&     cd /opt/ &&     git clone https://github.com/t3chn0m4g3/t-pot-attack-map -b 2.2.6 &&     cd t-pot-attack-map &&     pip3 install --break-system-packages --upgrade pip &&     pip3 install --break-system-packages -r requirements.txt &&     setcap cap_net_bind_service=+ep $(readlink -f $(type -P python3)) &&     addgroup -g 2000 map &&     adduser -S -H -s /bin/ash -u 2000 -D -g 2000 map &&     chown map:map -R /opt/t-pot-attack-map &&     apk del --purge build-base 		git 		python3-dev &&     rm -rf /root/* /var/cache/apk/*            /opt/t-pot-attack-map/.git
#7 47.60 (53/63) Installing py3-pip-pyc (24.0-r2)
#7 48.67 (54/63) Installing py3-parsing (3.1.2-r1)
#7 48.73 (55/63) Installing py3-parsing-pyc (3.1.2-r1)
#7 48.81 (56/63) Installing py3-packaging-pyc (24.0-r1)
#7 48.85 (57/63) Installing python3-pyc (3.12.9-r0)
#7 48.87 (58/63) Installing py3-packaging (24.0-r1)
#7 48.91 (59/63) Installing py3-setuptools (70.3.0-r0)
#7 49.43 (60/63) Installing py3-pip (24.0-r2)
#7 ...

#9 [map linux/amd64 3/3] WORKDIR /opt/t-pot-attack-map
#9 DONE 0.2s

#7 [map linux/arm64 2/3] RUN apk --no-cache -U upgrade &&     apk --no-cache -U add 		build-base 		git 		libcap 		py3-pip 		python3 		python3-dev 		tzdata &&     mkdir -p /opt &&     cd /opt/ &&     git clone https://github.com/t3chn0m4g3/t-pot-attack-map -b 2.2.6 &&     cd t-pot-attack-map &&     pip3 install --break-system-packages --upgrade pip &&     pip3 install --break-system-packages -r requirements.txt &&     setcap cap_net_bind_service=+ep $(readlink -f $(type -P python3)) &&     addgroup -g 2000 map &&     adduser -S -H -s /bin/ash -u 2000 -D -g 2000 map &&     chown map:map -R /opt/t-pot-attack-map &&     apk del --purge build-base 		git 		python3-dev &&     rm -rf /root/* /var/cache/apk/*            /opt/t-pot-attack-map/.git
#7 50.32 (61/63) Installing pkgconf (2.2.0-r0)
#7 50.35 (62/63) Installing python3-dev (3.12.9-r0)
#7 67.33 (63/63) Installing tzdata (2025a-r0)
#7 67.66 Executing busybox-1.36.1-r29.trigger
#7 67.79 Executing ca-certificates-20241121-r1.trigger
#7 68.73 OK: 409 MiB in 77 packages
#7 69.39 Cloning into 't-pot-attack-map'...
#7 73.06 Note: switching to '8162d703034a9f1c6aa0aa34e8ee3a9e683e0009'.
#7 73.06 
#7 73.06 You are in 'detached HEAD' state. You can look around, make experimental
#7 73.06 changes and commit them, and you can discard any commits you make in this
#7 73.06 state without impacting any branches by switching back to a branch.
#7 73.06 
#7 73.06 If you want to create a new branch to retain commits you create, you may
#7 73.06 do so (now or later) by using -c with the switch command. Example:
#7 73.06 
#7 73.06   git switch -c <new-branch-name>
#7 73.06 
#7 73.06 Or undo this operation with:
#7 73.06 
#7 73.06   git switch -
#7 73.06 
#7 73.06 Turn off this advice by setting config variable advice.detachedHead to false
#7 73.06 
#7 101.4 Requirement already satisfied: pip in /usr/lib/python3.12/site-packages (24.0)
#7 104.7 Collecting pip
#7 105.4   Downloading pip-25.0.1-py3-none-any.whl.metadata (3.7 kB)
#7 105.6 Downloading pip-25.0.1-py3-none-any.whl (1.8 MB)
#7 106.4    ━━━━━━━━━━━━━━━━━━━━━━━━━━━━━━━━━━━━━━━━ 1.8/1.8 MB 2.4 MB/s eta 0:00:00
#7 108.1 Installing collected packages: pip
#7 108.1   Attempting uninstall: pip
#7 108.2     Found existing installation: pip 24.0
#7 108.2     Uninstalling pip-24.0:
#7 108.5       Successfully uninstalled pip-24.0
#7 133.7 Successfully installed pip-25.0.1
#7 133.7 WARNING: Running pip as the 'root' user can result in broken permissions and conflicting behaviour with the system package manager. It is recommended to use a virtual environment instead: https://pip.pypa.io/warnings/venv
#7 158.0 Collecting aiohttp (from -r requirements.txt (line 1))
#7 158.9   Downloading aiohttp-3.11.13-cp312-cp312-musllinux_1_2_aarch64.whl.metadata (7.7 kB)
#7 160.0 Collecting elasticsearch (from -r requirements.txt (line 2))
#7 160.1   Downloading elasticsearch-8.17.1-py3-none-any.whl.metadata (8.8 kB)
#7 161.4 Collecting pytz (from -r requirements.txt (line 3))
#7 161.4   Downloading pytz-2025.1-py2.py3-none-any.whl.metadata (22 kB)
#7 162.1 Collecting redis (from -r requirements.txt (line 4))
#7 162.2   Downloading redis-5.2.1-py3-none-any.whl.metadata (9.1 kB)
#7 162.5 Collecting tzlocal (from -r requirements.txt (line 5))
#7 162.5   Downloading tzlocal-5.3-py3-none-any.whl.metadata (7.6 kB)
#7 163.0 Collecting aiohappyeyeballs>=2.3.0 (from aiohttp->-r requirements.txt (line 1))
#7 163.1   Downloading aiohappyeyeballs-2.4.6-py3-none-any.whl.metadata (5.9 kB)
#7 163.3 Collecting aiosignal>=1.1.2 (from aiohttp->-r requirements.txt (line 1))
#7 163.3   Downloading aiosignal-1.3.2-py2.py3-none-any.whl.metadata (3.8 kB)
#7 163.6 Collecting attrs>=17.3.0 (from aiohttp->-r requirements.txt (line 1))
#7 163.6   Downloading attrs-25.1.0-py3-none-any.whl.metadata (10 kB)
#7 165.1 Collecting frozenlist>=1.1.1 (from aiohttp->-r requirements.txt (line 1))
#7 165.2   Downloading frozenlist-1.5.0-cp312-cp312-musllinux_1_2_aarch64.whl.metadata (13 kB)
#7 169.2 Collecting multidict<7.0,>=4.5 (from aiohttp->-r requirements.txt (line 1))
#7 169.3   Downloading multidict-6.1.0-cp312-cp312-musllinux_1_2_aarch64.whl.metadata (5.0 kB)
#7 170.2 Collecting propcache>=0.2.0 (from aiohttp->-r requirements.txt (line 1))
#7 170.3   Downloading propcache-0.3.0-cp312-cp312-musllinux_1_2_aarch64.whl.metadata (10 kB)
#7 177.4 Collecting yarl<2.0,>=1.17.0 (from aiohttp->-r requirements.txt (line 1))
#7 177.5   Downloading yarl-1.18.3-cp312-cp312-musllinux_1_2_aarch64.whl.metadata (69 kB)
#7 178.1 Collecting elastic-transport<9,>=8.15.1 (from elasticsearch->-r requirements.txt (line 2))
#7 178.1   Downloading elastic_transport-8.17.0-py3-none-any.whl.metadata (3.6 kB)
#7 179.2 Collecting urllib3<3,>=1.26.2 (from elastic-transport<9,>=8.15.1->elasticsearch->-r requirements.txt (line 2))
#7 179.2   Downloading urllib3-2.3.0-py3-none-any.whl.metadata (6.5 kB)
#7 179.6 Collecting certifi (from elastic-transport<9,>=8.15.1->elasticsearch->-r requirements.txt (line 2))
#7 179.6   Downloading certifi-2025.1.31-py3-none-any.whl.metadata (2.5 kB)
#7 180.0 Collecting idna>=2.0 (from yarl<2.0,>=1.17.0->aiohttp->-r requirements.txt (line 1))
#7 180.0   Downloading idna-3.10-py3-none-any.whl.metadata (10 kB)
#7 180.4 Downloading aiohttp-3.11.13-cp312-cp312-musllinux_1_2_aarch64.whl (1.6 MB)
#7 180.8    ━━━━━━━━━━━━━━━━━━━━━━━━━━━━━━━━━━━━━━━━ 1.6/1.6 MB 5.8 MB/s eta 0:00:00
#7 180.9 Downloading elasticsearch-8.17.1-py3-none-any.whl (653 kB)
#7 181.0    ━━━━━━━━━━━━━━━━━━━━━━━━━━━━━━━━━━━━━━━━ 654.0/654.0 kB 5.0 MB/s eta 0:00:00
#7 181.1 Downloading pytz-2025.1-py2.py3-none-any.whl (507 kB)
#7 181.2 Downloading redis-5.2.1-py3-none-any.whl (261 kB)
#7 181.3 Downloading tzlocal-5.3-py3-none-any.whl (17 kB)
#7 181.4 Downloading aiohappyeyeballs-2.4.6-py3-none-any.whl (14 kB)
#7 181.4 Downloading aiosignal-1.3.2-py2.py3-none-any.whl (7.6 kB)
#7 181.5 Downloading attrs-25.1.0-py3-none-any.whl (63 kB)
#7 181.5 Downloading elastic_transport-8.17.0-py3-none-any.whl (64 kB)
#7 181.6 Downloading frozenlist-1.5.0-cp312-cp312-musllinux_1_2_aarch64.whl (273 kB)
#7 181.7 Downloading multidict-6.1.0-cp312-cp312-musllinux_1_2_aarch64.whl (125 kB)
#7 181.8 Downloading propcache-0.3.0-cp312-cp312-musllinux_1_2_aarch64.whl (226 kB)
#7 181.9 Downloading yarl-1.18.3-cp312-cp312-musllinux_1_2_aarch64.whl (344 kB)
#7 182.0 Downloading idna-3.10-py3-none-any.whl (70 kB)
#7 182.1 Downloading urllib3-2.3.0-py3-none-any.whl (128 kB)
#7 182.1 Downloading certifi-2025.1.31-py3-none-any.whl (166 kB)
#7 184.4 Installing collected packages: pytz, urllib3, tzlocal, redis, propcache, multidict, idna, frozenlist, certifi, attrs, aiohappyeyeballs, yarl, elastic-transport, aiosignal, elasticsearch, aiohttp
#7 226.3 Successfully installed aiohappyeyeballs-2.4.6 aiohttp-3.11.13 aiosignal-1.3.2 attrs-25.1.0 certifi-2025.1.31 elastic-transport-8.17.0 elasticsearch-8.17.1 frozenlist-1.5.0 idna-3.10 multidict-6.1.0 propcache-0.3.0 pytz-2025.1 redis-5.2.1 tzlocal-5.3 urllib3-2.3.0 yarl-1.18.3
#7 226.3 WARNING: Running pip as the 'root' user can result in broken permissions and conflicting behaviour with the system package manager, possibly rendering your system unusable. It is recommended to use a virtual environment instead: https://pip.pypa.io/warnings/venv. Use the --root-user-action option if you know what you are doing and want to suppress this warning.
#7 228.2 WARNING: opening from cache https://dl-cdn.alpinelinux.org/alpine/v3.20/main: No such file or directory
#7 228.2 WARNING: opening from cache https://dl-cdn.alpinelinux.org/alpine/v3.20/community: No such file or directory
#7 228.2 (1/32) Purging build-base (0.5-r3)
#7 228.2 (2/32) Purging file (5.45-r1)
#7 228.2 (3/32) Purging g++ (13.2.1_git20240309-r1)
#7 228.3 (4/32) Purging libstdc++-dev (13.2.1_git20240309-r1)
#7 228.3 (5/32) Purging gcc (13.2.1_git20240309-r1)
#7 228.4 (6/32) Purging binutils (2.42-r0)
#7 228.4 (7/32) Purging libatomic (13.2.1_git20240309-r1)
#7 228.4 (8/32) Purging libgomp (13.2.1_git20240309-r1)
#7 228.4 (9/32) Purging make (4.4.1-r2)
#7 228.4 (10/32) Purging fortify-headers (1.1-r3)
#7 228.4 (11/32) Purging patch (2.7.6-r10)
#7 228.4 (12/32) Purging git-init-template (2.45.3-r0)
#7 228.4 (13/32) Purging git (2.45.3-r0)
#7 228.4 (14/32) Purging isl26 (0.26-r1)
#7 228.4 (15/32) Purging jansson (2.14-r4)
#7 228.4 (16/32) Purging libcurl (8.12.1-r0)
#7 228.4 (17/32) Purging ca-certificates (20241121-r1)
#7 228.5 Executing ca-certificates-20241121-r1.post-deinstall
#7 228.6 (18/32) Purging libmagic (5.45-r1)
#7 228.6 (19/32) Purging libpsl (0.21.5-r1)
#7 228.6 (20/32) Purging mpc1 (1.3.1-r1)
#7 228.6 (21/32) Purging mpfr4 (4.2.1-r0)
#7 228.6 (22/32) Purging musl-dev (1.2.5-r1)
#7 228.6 (23/32) Purging nghttp2-libs (1.62.1-r0)
#7 228.6 (24/32) Purging pcre2 (10.43-r0)
#7 228.6 (25/32) Purging python3-dev (3.12.9-r0)
#7 228.7 (26/32) Purging zstd-libs (1.5.6-r0)
#7 228.7 (27/32) Purging brotli-libs (1.1.0-r2)
#7 228.7 (28/32) Purging c-ares (1.33.1-r0)
#7 228.7 (29/32) Purging gmp (6.3.0-r1)
#7 228.7 (30/32) Purging libidn2 (2.3.7-r0)
#7 228.7 (31/32) Purging libunistring (1.2-r0)
#7 228.7 (32/32) Purging pkgconf (2.2.0-r0)
#7 228.7 Executing busybox-1.36.1-r29.trigger
#7 228.9 OK: 82 MiB in 45 packages
#7 DONE 229.1s

#10 [map linux/arm64 3/3] WORKDIR /opt/t-pot-attack-map
#10 DONE 0.1s

#11 [map] exporting to image
#11 exporting layers
#11 exporting layers 8.7s done
#11 exporting manifest sha256:3109e48506259596ba32eaa80bd208e2ae5396f0bf85d753a521f691e11a6697 0.0s done
#11 exporting config sha256:641e43c4842427580abce320dde396924033339c5f8be831d164c92b0f3bd674 0.0s done
#11 exporting attestation manifest sha256:935dca396600d96597112a2349b95e12ed05680c209f1ffadfd84e2b0d8b6b65 0.0s done
#11 exporting manifest sha256:0142cf6c509bde282b934c9b6d3856f15644740fef09446177effcefdb49cf23 0.0s done
#11 exporting config sha256:7c9c012526e3d3c75761f01031a64b6bee8565861350064d552a51581e842daa 0.0s done
#11 exporting attestation manifest sha256:36edace0779ccf1f60d0bd677cf550e9e8d8b5c314ea8cb54b95dd0a5cadb9fe 0.0s done
#11 exporting manifest list sha256:46801843299d66c31e8439d3732b856ada75828d4e103875c1c47d30b37f2f1e 0.0s done
#11 pushing layers
#11 ...

#12 [map auth] f0rc3ps/map:pull,push token for registry-1.docker.io
#12 DONE 0.0s

#11 [map] exporting to image
#11 ...

#13 [map auth] f0rc3ps/map:pull,push f0rc3ps/nginx:pull token for registry-1.docker.io
#13 DONE 0.0s

#11 [map] exporting to image
#11 pushing layers 19.3s done
#11 pushing manifest for docker.io/f0rc3ps/map:24.04.1@sha256:46801843299d66c31e8439d3732b856ada75828d4e103875c1c47d30b37f2f1e
#11 pushing manifest for docker.io/f0rc3ps/map:24.04.1@sha256:46801843299d66c31e8439d3732b856ada75828d4e103875c1c47d30b37f2f1e 3.1s done
#11 ...

#14 [map auth] asc3t1c/map:pull,push token for ghcr.io
#14 DONE 0.0s

#11 [map] exporting to image
#11 ...

#15 [map auth] asc3t1c/map:pull,push asc3t1c/nginx:pull token for ghcr.io
#15 DONE 0.0s

#11 [map] exporting to image
#11 pushing layers 19.1s done
#11 pushing manifest for ghcr.io/asc3t1c/map:24.04.1@sha256:46801843299d66c31e8439d3732b856ada75828d4e103875c1c47d30b37f2f1e
#11 pushing manifest for ghcr.io/asc3t1c/map:24.04.1@sha256:46801843299d66c31e8439d3732b856ada75828d4e103875c1c47d30b37f2f1e 2.5s done
#11 DONE 53.0s

#16 [map] resolving provenance for metadata file
#16 DONE 0.0s
