#0 building with "mybuilder" instance using docker-container driver

#1 [medpot internal] load build definition from Dockerfile
#1 transferring dockerfile: 983B done
#1 DONE 0.0s

#2 [medpot linux/amd64 internal] load metadata for docker.io/library/golang:1.23-alpine
#2 ...

#3 [medpot linux/arm64 internal] load metadata for docker.io/library/golang:1.23-alpine
#3 DONE 0.3s

#2 [medpot linux/amd64 internal] load metadata for docker.io/library/golang:1.23-alpine
#2 DONE 0.3s

#4 [medpot internal] load .dockerignore
#4 transferring context: 2B done
#4 DONE 0.0s

#5 [medpot linux/amd64 builder 1/3] FROM docker.io/library/golang:1.23-alpine@sha256:2c49857f2295e89b23b28386e57e018a86620a8fede5003900f2d138ba9c4037
#5 resolve docker.io/library/golang:1.23-alpine@sha256:2c49857f2295e89b23b28386e57e018a86620a8fede5003900f2d138ba9c4037 0.0s done
#5 DONE 0.0s

#6 [medpot linux/amd64 stage-1 1/4] COPY --from=builder /usr/local/go/src/medpot/medpot /opt/medpot/medpot
#6 CACHED

#7 [medpot linux/amd64 stage-1 2/4] COPY --from=builder /usr/local/go/src/medpot/template/*.xml /opt/medpot/
#7 CACHED

#8 [medpot linux/amd64 builder 3/3] RUN mkdir -p /usr/local/go/src/medpot &&     git clone https://github.com/schmalle/medpot /usr/local/go/src/medpot &&     cd /usr/local/go/src/medpot &&     git checkout 75a2e6134cf926c35b6017d62542274434c87388 &&     go mod init github.com/schmalle/medpot &&     go mod tidy &&     go mod download &&     cp dist/etc/ews.cfg /etc/ &&     go build medpot
#8 CACHED

#9 [medpot linux/amd64 stage-1 3/4] COPY --from=builder /usr/local/go/src/medpot/dist/etc/ews.cfg /etc/ews.cfg
#9 CACHED

#10 [medpot linux/amd64 builder 2/3] RUN apk --no-cache -U upgrade &&     apk --no-cache -U add         build-base         git         g++
#10 CACHED

#11 [medpot linux/amd64 stage-1 4/4] WORKDIR /opt/medpot
#11 CACHED

#12 [medpot linux/arm64 builder 1/3] FROM docker.io/library/golang:1.23-alpine@sha256:2c49857f2295e89b23b28386e57e018a86620a8fede5003900f2d138ba9c4037
#12 resolve docker.io/library/golang:1.23-alpine@sha256:2c49857f2295e89b23b28386e57e018a86620a8fede5003900f2d138ba9c4037 0.0s done
#12 DONE 0.0s

#13 [medpot linux/arm64 builder 2/3] RUN apk --no-cache -U upgrade &&     apk --no-cache -U add         build-base         git         g++
#13 CACHED

#14 [medpot linux/arm64 builder 3/3] RUN mkdir -p /usr/local/go/src/medpot &&     git clone https://github.com/schmalle/medpot /usr/local/go/src/medpot &&     cd /usr/local/go/src/medpot &&     git checkout 75a2e6134cf926c35b6017d62542274434c87388 &&     go mod init github.com/schmalle/medpot &&     go mod tidy &&     go mod download &&     cp dist/etc/ews.cfg /etc/ &&     go build medpot
#14 CACHED

#15 [medpot linux/arm64 stage-1 3/4] COPY --from=builder /usr/local/go/src/medpot/dist/etc/ews.cfg /etc/ews.cfg
#15 CACHED

#16 [medpot linux/arm64 stage-1 2/4] COPY --from=builder /usr/local/go/src/medpot/template/*.xml /opt/medpot/
#16 CACHED

#17 [medpot linux/arm64 stage-1 1/4] COPY --from=builder /usr/local/go/src/medpot/medpot /opt/medpot/medpot
#17 CACHED

#18 [medpot linux/arm64 stage-1 4/4] WORKDIR /opt/medpot
#18 CACHED

#19 [medpot] exporting to image
#19 exporting layers done
#19 exporting manifest sha256:20ad9fb5c65bd1e25a7268f18de4300ba8ff883762542856606e89f68a1c5ad8 done
#19 exporting config sha256:6b928c0a5bef9592f0906252b40c6152b5e61434570f1f4d545e522120a95f36 done
#19 exporting attestation manifest sha256:88ea62fd07c0a6811590c75fc75f2e5d9a7d5d9b97d5ee706618b28bdcb0b92a 0.0s done
#19 exporting manifest sha256:27acc3031e7ea86978f183de87d7625d13abea0c2564ac6894a22e7c62b06394 done
#19 exporting config sha256:29d8aa78866d72ff860073e99edaf8a0989ae91ac78e1029c68ed374182fbedc done
#19 exporting attestation manifest sha256:df1472ed6d679077605ed1cb0be71535ae55a7aab8034fc54cf727ebc60e17c9 0.0s done
#19 exporting manifest list sha256:3cce0b68d05b3274cc5271a4415b3488a576912f75421dfbddcd7e65572a4025 0.0s done
#19 pushing layers
#19 ...

#20 [medpot auth] f0rc3ps/medpot:pull,push token for registry-1.docker.io
#20 DONE 0.0s

#19 [medpot] exporting to image
#19 pushing layers 3.2s done
#19 pushing manifest for docker.io/f0rc3ps/medpot:24.04.1@sha256:3cce0b68d05b3274cc5271a4415b3488a576912f75421dfbddcd7e65572a4025
#19 pushing manifest for docker.io/f0rc3ps/medpot:24.04.1@sha256:3cce0b68d05b3274cc5271a4415b3488a576912f75421dfbddcd7e65572a4025 2.8s done
#19 ...

#21 [medpot auth] asc3t1c/medpot:pull,push token for ghcr.io
#21 DONE 0.0s

#19 [medpot] exporting to image
#19 pushing layers 1.6s done
#19 pushing manifest for ghcr.io/asc3t1c/medpot:24.04.1@sha256:3cce0b68d05b3274cc5271a4415b3488a576912f75421dfbddcd7e65572a4025
#19 pushing manifest for ghcr.io/asc3t1c/medpot:24.04.1@sha256:3cce0b68d05b3274cc5271a4415b3488a576912f75421dfbddcd7e65572a4025 1.9s done
#19 DONE 9.6s

#22 [medpot] resolving provenance for metadata file
#22 DONE 0.0s
