Compose now can delegate build to bake for better performances
Just set COMPOSE_BAKE=true
#0 building with "mybuilder" instance using docker-container driver

#1 [nginx internal] load build definition from Dockerfile
#1 transferring dockerfile: 1.18kB 0.0s done
#1 DONE 0.0s

#2 [nginx auth] library/alpine:pull token for registry-1.docker.io
#2 DONE 0.0s

#3 [nginx linux/amd64 internal] load metadata for docker.io/library/alpine:3.20
#3 DONE 0.9s

#4 [nginx linux/arm64 internal] load metadata for docker.io/library/alpine:3.20
#4 DONE 0.9s

#5 [nginx internal] load .dockerignore
#5 transferring context: 2B done
#5 DONE 0.0s

#6 [nginx linux/amd64 1/3] FROM docker.io/library/alpine:3.20@sha256:de4fe7064d8f98419ea6b49190df1abbf43450c1702eeb864fe9ced453c1cc5f
#6 resolve docker.io/library/alpine:3.20@sha256:de4fe7064d8f98419ea6b49190df1abbf43450c1702eeb864fe9ced453c1cc5f 0.0s done
#6 DONE 0.0s

#7 [nginx linux/arm64 1/3] FROM docker.io/library/alpine:3.20@sha256:de4fe7064d8f98419ea6b49190df1abbf43450c1702eeb864fe9ced453c1cc5f
#7 resolve docker.io/library/alpine:3.20@sha256:de4fe7064d8f98419ea6b49190df1abbf43450c1702eeb864fe9ced453c1cc5f 0.0s done
#7 DONE 0.0s

#8 [nginx internal] load build context
#8 transferring context: 40.67MB 1.1s done
#8 DONE 1.2s

#7 [nginx linux/arm64 1/3] FROM docker.io/library/alpine:3.20@sha256:de4fe7064d8f98419ea6b49190df1abbf43450c1702eeb864fe9ced453c1cc5f
#7 CACHED

#6 [nginx linux/amd64 1/3] FROM docker.io/library/alpine:3.20@sha256:de4fe7064d8f98419ea6b49190df1abbf43450c1702eeb864fe9ced453c1cc5f
#6 CACHED

#9 [nginx linux/amd64 2/3] COPY dist/ /root/dist/
#9 DONE 0.6s

#10 [nginx linux/arm64 2/3] COPY dist/ /root/dist/
#10 DONE 0.6s

#11 [nginx linux/arm64 3/3] RUN apk --no-cache -U upgrade &&     apk --no-cache -U add       nginx       nginx-mod-http-brotli       nginx-mod-http-headers-more       nginx-mod-http-lua &&     cp -R /root/dist/html/* /var/lib/nginx/html/ &&     cd /var/lib/nginx/html/esvue &&     tar xvfz esvue.tgz &&     rm esvue.tgz &&     cd /var/lib/nginx/html/cyberchef &&     tar xvfz cyberchef.tgz &&     rm cyberchef.tgz &&     chown root:www-data -R /var/lib/nginx/html &&     chmod 755 -R /var/lib/nginx/html &&     rm -rf /etc/nginx/conf.d/* /usr/share/nginx/html/* &&     mkdir -p /etc/nginx/conf.d &&     cp /root/dist/conf/nginx.conf /etc/nginx/ &&     cp -R /root/dist/conf/ssl /etc/nginx/ &&     cp /root/dist/conf/tpotweb.conf /etc/nginx/conf.d/ &&     cp /root/dist/conf/lsweb.conf /etc/nginx/conf.d/ &&     rm -rf /root/*            /var/cache/apk/*
#11 0.436 fetch https://dl-cdn.alpinelinux.org/alpine/v3.20/main/aarch64/APKINDEX.tar.gz
#11 2.080 fetch https://dl-cdn.alpinelinux.org/alpine/v3.20/community/aarch64/APKINDEX.tar.gz
#11 ...

#12 [nginx linux/amd64 3/3] RUN apk --no-cache -U upgrade &&     apk --no-cache -U add       nginx       nginx-mod-http-brotli       nginx-mod-http-headers-more       nginx-mod-http-lua &&     cp -R /root/dist/html/* /var/lib/nginx/html/ &&     cd /var/lib/nginx/html/esvue &&     tar xvfz esvue.tgz &&     rm esvue.tgz &&     cd /var/lib/nginx/html/cyberchef &&     tar xvfz cyberchef.tgz &&     rm cyberchef.tgz &&     chown root:www-data -R /var/lib/nginx/html &&     chmod 755 -R /var/lib/nginx/html &&     rm -rf /etc/nginx/conf.d/* /usr/share/nginx/html/* &&     mkdir -p /etc/nginx/conf.d &&     cp /root/dist/conf/nginx.conf /etc/nginx/ &&     cp -R /root/dist/conf/ssl /etc/nginx/ &&     cp /root/dist/conf/tpotweb.conf /etc/nginx/conf.d/ &&     cp /root/dist/conf/lsweb.conf /etc/nginx/conf.d/ &&     rm -rf /root/*            /var/cache/apk/*
#12 0.204 fetch https://dl-cdn.alpinelinux.org/alpine/v3.20/main/x86_64/APKINDEX.tar.gz
#12 0.483 fetch https://dl-cdn.alpinelinux.org/alpine/v3.20/community/x86_64/APKINDEX.tar.gz
#12 1.538 OK: 8 MiB in 14 packages
#12 1.773 fetch https://dl-cdn.alpinelinux.org/alpine/v3.20/main/x86_64/APKINDEX.tar.gz
#12 2.009 fetch https://dl-cdn.alpinelinux.org/alpine/v3.20/community/x86_64/APKINDEX.tar.gz
#12 2.988 (1/11) Installing pcre (8.45-r3)
#12 3.017 (2/11) Installing nginx (1.26.2-r0)
#12 3.037 Executing nginx-1.26.2-r0.pre-install
#12 3.115 Executing nginx-1.26.2-r0.post-install
#12 3.126 (3/11) Installing brotli-libs (1.1.0-r2)
#12 3.170 (4/11) Installing nginx-mod-http-brotli (1.26.2-r0)
#12 3.178 (5/11) Installing nginx-mod-http-headers-more (1.26.2-r0)
#12 3.216 (6/11) Installing nginx-mod-devel-kit (1.26.2-r0)
#12 3.251 (7/11) Installing libgcc (13.2.1_git20240309-r1)
#12 3.263 (8/11) Installing luajit (2.1_p20240314-r0)
#12 3.377 (9/11) Installing lua-resty-lrucache (0.13-r1)
#12 3.418 (10/11) Installing lua-resty-core (0.1.28-r0)
#12 3.469 (11/11) Installing nginx-mod-http-lua (1.26.2-r0)
#12 3.499 Executing busybox-1.36.1-r29.trigger
#12 3.520 OK: 13 MiB in 25 packages
#12 3.864 assets/
#12 4.052 assets/KFOlCnqEu92Fr1MmYUtfBBc--Dr8fnyGc.woff
#12 4.052 assets/hack-bold-o0myPlua.woff2
#12 4.052 assets/hack-bold-XM2YsVf3.woff
#12 4.052 assets/KFOlCnqEu92Fr1MmEU9fBBc--ViM7Ag4Q.woff
#12 4.052 assets/hack-italic-CQtdA7T5.woff2
#12 4.052 assets/KFOkCnqEu92Fr1MmgVxIIzQ-Y2mpUUkw.woff
#12 4.052 assets/favicon-D555SDe-.ico
#12 4.052 assets/index-BEfhSXxP.js.map
#12 4.052 assets/flUhRq6tzZclQEJ-Vdg-IuiaDsNcIhQ8tQ-D-x-0Q06.woff2
#12 4.052 assets/hack-regular-DEir-J6A.woff
#12 4.052 assets/CodeEditor-6kim-Nqt.js
#12 4.052 assets/CodeEditor-6kim-Nqt.js.map
#12 4.052 assets/hack-bolditalic-CcY3gI8S.woff
#12 4.052 assets/CodeViewer-WIHrD9bL.js.map
#12 4.052 assets/index-BlKYqKaz.css
#12 4.052 assets/CodeEditor-CvD7sC9j.js
#12 4.052 assets/CodeEditor-CvD7sC9j.js.map
#12 4.052 assets/KFOmCnqEu92Fr1Mu4mxM-DAYh6T4l.woff
#12 4.052 assets/hack-italic-CxLZKZQa.woff
#12 4.052 assets/hack-regular-Dv5unGLz.woff2
#12 4.052 assets/hack-bolditalic-D5TV5Tsg.woff2
#12 4.052 assets/index-BEfhSXxP.js
#12 4.052 assets/CodeViewer-WIHrD9bL.js
#12 4.052 assets/KFOlCnqEu92Fr1MmWUlfBBc--CW3_XjG_.woff
#12 4.052 assets/KFOlCnqEu92Fr1MmSU5fBBc--CrFzpgl6.woff
#12 4.052 assets/flUhRq6tzZclQEJ-Vdg-IuiaDsNa-Dr0goTwe.woff
#12 4.052 index.html
#12 4.062 BundleAnalyzerReport.html
#12 4.837 ChefWorker.js.LICENSE.txt
#12 4.837 DishWorker.js.LICENSE.txt
#12 4.837 InputWorker.js.LICENSE.txt
#12 4.837 LoaderWorker.js.LICENSE.txt
#12 4.837 ZipWorker.js.LICENSE.txt
#12 4.837 assets/
#12 4.837 assets/02aafe15b98928fdaa38.ttf
#12 4.837 assets/tesseract/
#12 4.837 assets/tesseract/worker.min.js
#12 4.837 assets/tesseract/worker.min.js.LICENSE.txt
#12 4.837 assets/tesseract/tesseract-core.wasm.js
#12 4.837 assets/tesseract/lang-data/
#12 4.837 assets/tesseract/lang-data/eng.traineddata.gz
#12 4.837 assets/main.js.LICENSE.txt
#12 4.837 assets/main.css
#12 4.837 assets/forge/
#12 4.837 assets/forge/prime.worker.min.js
#12 4.837 assets/fonts/
#12 4.837 assets/fonts/RobotoMono72White.png
#12 4.837 assets/fonts/RobotoSlab72White.png
#12 4.837 assets/fonts/Roboto72White.png
#12 4.837 assets/fonts/RobotoSlab72White.fnt
#12 4.837 assets/fonts/Roboto72White.fnt
#12 4.837 assets/fonts/RobotoBlack72White.fnt
#12 4.837 assets/fonts/RobotoBlack72White.png
#12 4.837 assets/fonts/RobotoMono72White.fnt
#12 4.837 assets/aecc661b69309290f600.ico
#12 4.837 assets/main.js
#12 4.837 images/
#12 4.837 images/fork_me.png
#12 4.837 images/cook_male-32x32.png
#12 4.837 images/file-128x128.png
#12 4.837 images/cyberchef-128x128.png
#12 4.837 index.html
#12 4.837 modules/
#12 4.837 modules/Serialise.js
#12 4.837 modules/Charts.js.LICENSE.txt
#12 4.837 modules/URL.js.LICENSE.txt
#12 4.837 modules/Bletchley.js
#12 5.179 modules/Shellcode.js.LICENSE.txt
#12 5.179 modules/Protobuf.js.LICENSE.txt
#12 5.179 modules/Ciphers.js.LICENSE.txt
#12 5.179 modules/URL.js
#12 5.179 modules/Code.js.LICENSE.txt
#12 5.179 modules/Hashing.js.LICENSE.txt
#12 5.179 modules/PGP.js.LICENSE.txt
#12 5.179 modules/PublicKey.js
#12 5.179 modules/Crypto.js
#12 5.179 modules/Regex.js.LICENSE.txt
#12 5.179 modules/Regex.js
#12 5.179 modules/Compression.js.LICENSE.txt
#12 5.179 modules/Bletchley.js.LICENSE.txt
#12 5.179 modules/PublicKey.js.LICENSE.txt
#12 5.179 modules/Yara.js.LICENSE.txt
#12 5.179 modules/PGP.js
#12 5.179 modules/OCR.js
#12 5.179 modules/Shellcode.js
#12 5.179 modules/Serialise.js.LICENSE.txt
#12 5.179 modules/Encodings.js.LICENSE.txt
#12 5.179 modules/Encodings.js
#12 5.179 modules/Yara.js
#12 5.179 modules/Hashing.js
#12 5.179 modules/UserAgent.js
#12 5.179 modules/Image.js
#12 5.179 modules/Code.js
#12 5.179 modules/Charts.js
#12 5.179 modules/Crypto.js.LICENSE.txt
#12 5.179 modules/Ciphers.js
#12 5.179 modules/Image.js.LICENSE.txt
#12 5.179 modules/Diff.js
#12 5.179 modules/Compression.js
#12 5.179 modules/UserAgent.js.LICENSE.txt
#12 5.179 modules/Protobuf.js
#12 5.179 modules/OCR.js.LICENSE.txt
#12 5.179 modules/Diff.js.LICENSE.txt
#12 5.179 sha256digest.txt
#12 DONE 5.5s

#11 [nginx linux/arm64 3/3] RUN apk --no-cache -U upgrade &&     apk --no-cache -U add       nginx       nginx-mod-http-brotli       nginx-mod-http-headers-more       nginx-mod-http-lua &&     cp -R /root/dist/html/* /var/lib/nginx/html/ &&     cd /var/lib/nginx/html/esvue &&     tar xvfz esvue.tgz &&     rm esvue.tgz &&     cd /var/lib/nginx/html/cyberchef &&     tar xvfz cyberchef.tgz &&     rm cyberchef.tgz &&     chown root:www-data -R /var/lib/nginx/html &&     chmod 755 -R /var/lib/nginx/html &&     rm -rf /etc/nginx/conf.d/* /usr/share/nginx/html/* &&     mkdir -p /etc/nginx/conf.d &&     cp /root/dist/conf/nginx.conf /etc/nginx/ &&     cp -R /root/dist/conf/ssl /etc/nginx/ &&     cp /root/dist/conf/tpotweb.conf /etc/nginx/conf.d/ &&     cp /root/dist/conf/lsweb.conf /etc/nginx/conf.d/ &&     rm -rf /root/*            /var/cache/apk/*
#11 6.286 OK: 9 MiB in 14 packages
#11 7.147 fetch https://dl-cdn.alpinelinux.org/alpine/v3.20/main/aarch64/APKINDEX.tar.gz
#11 8.988 fetch https://dl-cdn.alpinelinux.org/alpine/v3.20/community/aarch64/APKINDEX.tar.gz
#11 13.83 (1/11) Installing pcre (8.45-r3)
#11 14.02 (2/11) Installing nginx (1.26.2-r0)
#11 14.16 Executing nginx-1.26.2-r0.pre-install
#11 14.81 Executing nginx-1.26.2-r0.post-install
#11 15.02 (3/11) Installing brotli-libs (1.1.0-r2)
#11 15.23 (4/11) Installing nginx-mod-http-brotli (1.26.2-r0)
#11 15.29 (5/11) Installing nginx-mod-http-headers-more (1.26.2-r0)
#11 15.31 (6/11) Installing nginx-mod-devel-kit (1.26.2-r0)
#11 15.37 (7/11) Installing libgcc (13.2.1_git20240309-r1)
#11 15.41 (8/11) Installing luajit (2.1_p20240314-r0)
#11 15.75 (9/11) Installing lua-resty-lrucache (0.13-r1)
#11 15.80 (10/11) Installing lua-resty-core (0.1.28-r0)
#11 15.89 (11/11) Installing nginx-mod-http-lua (1.26.2-r0)
#11 16.01 Executing busybox-1.36.1-r29.trigger
#11 16.20 OK: 14 MiB in 25 packages
#11 17.09 assets/
#11 18.33 assets/KFOlCnqEu92Fr1MmYUtfBBc--Dr8fnyGc.woff
#11 18.33 assets/hack-bold-o0myPlua.woff2
#11 18.33 assets/hack-bold-XM2YsVf3.woff
#11 18.33 assets/KFOlCnqEu92Fr1MmEU9fBBc--ViM7Ag4Q.woff
#11 18.33 assets/hack-italic-CQtdA7T5.woff2
#11 18.33 assets/KFOkCnqEu92Fr1MmgVxIIzQ-Y2mpUUkw.woff
#11 18.33 assets/favicon-D555SDe-.ico
#11 18.33 assets/index-BEfhSXxP.js.map
#11 18.33 assets/flUhRq6tzZclQEJ-Vdg-IuiaDsNcIhQ8tQ-D-x-0Q06.woff2
#11 18.33 assets/hack-regular-DEir-J6A.woff
#11 18.33 assets/CodeEditor-6kim-Nqt.js
#11 18.33 assets/CodeEditor-6kim-Nqt.js.map
#11 18.33 assets/hack-bolditalic-CcY3gI8S.woff
#11 18.33 assets/CodeViewer-WIHrD9bL.js.map
#11 18.33 assets/index-BlKYqKaz.css
#11 18.33 assets/CodeEditor-CvD7sC9j.js
#11 18.33 assets/CodeEditor-CvD7sC9j.js.map
#11 18.33 assets/KFOmCnqEu92Fr1Mu4mxM-DAYh6T4l.woff
#11 18.33 assets/hack-italic-CxLZKZQa.woff
#11 18.33 assets/hack-regular-Dv5unGLz.woff2
#11 18.33 assets/hack-bolditalic-D5TV5Tsg.woff2
#11 18.33 assets/index-BEfhSXxP.js
#11 18.33 assets/CodeViewer-WIHrD9bL.js
#11 18.33 assets/KFOlCnqEu92Fr1MmWUlfBBc--CW3_XjG_.woff
#11 18.33 assets/KFOlCnqEu92Fr1MmSU5fBBc--CrFzpgl6.woff
#11 18.33 assets/flUhRq6tzZclQEJ-Vdg-IuiaDsNa-Dr0goTwe.woff
#11 18.33 index.html
#11 18.48 BundleAnalyzerReport.html
#11 22.53 ChefWorker.js.LICENSE.txt
#11 22.53 DishWorker.js.LICENSE.txt
#11 22.53 InputWorker.js.LICENSE.txt
#11 22.53 LoaderWorker.js.LICENSE.txt
#11 22.53 ZipWorker.js.LICENSE.txt
#11 22.53 assets/
#11 22.53 assets/02aafe15b98928fdaa38.ttf
#11 22.53 assets/tesseract/
#11 22.53 assets/tesseract/worker.min.js
#11 22.53 assets/tesseract/worker.min.js.LICENSE.txt
#11 22.53 assets/tesseract/tesseract-core.wasm.js
#11 22.53 assets/tesseract/lang-data/
#11 22.53 assets/tesseract/lang-data/eng.traineddata.gz
#11 22.53 assets/main.js.LICENSE.txt
#11 22.53 assets/main.css
#11 22.53 assets/forge/
#11 22.53 assets/forge/prime.worker.min.js
#11 22.53 assets/fonts/
#11 22.53 assets/fonts/RobotoMono72White.png
#11 22.53 assets/fonts/RobotoSlab72White.png
#11 22.53 assets/fonts/Roboto72White.png
#11 22.53 assets/fonts/RobotoSlab72White.fnt
#11 22.53 assets/fonts/Roboto72White.fnt
#11 22.53 assets/fonts/RobotoBlack72White.fnt
#11 22.53 assets/fonts/RobotoBlack72White.png
#11 22.53 assets/fonts/RobotoMono72White.fnt
#11 22.53 assets/aecc661b69309290f600.ico
#11 22.53 assets/main.js
#11 22.53 images/
#11 22.53 images/fork_me.png
#11 22.53 images/cook_male-32x32.png
#11 22.53 images/file-128x128.png
#11 22.53 images/cyberchef-128x128.png
#11 22.53 index.html
#11 22.53 modules/
#11 22.53 modules/Serialise.js
#11 22.53 modules/Charts.js.LICENSE.txt
#11 22.53 modules/URL.js.LICENSE.txt
#11 22.53 modules/Bletchley.js
#11 24.17 modules/Shellcode.js.LICENSE.txt
#11 24.17 modules/Protobuf.js.LICENSE.txt
#11 24.17 modules/Ciphers.js.LICENSE.txt
#11 24.17 modules/URL.js
#11 24.17 modules/Code.js.LICENSE.txt
#11 24.17 modules/Hashing.js.LICENSE.txt
#11 24.17 modules/PGP.js.LICENSE.txt
#11 24.17 modules/PublicKey.js
#11 24.17 modules/Crypto.js
#11 24.17 modules/Regex.js.LICENSE.txt
#11 24.17 modules/Regex.js
#11 24.17 modules/Compression.js.LICENSE.txt
#11 24.17 modules/Bletchley.js.LICENSE.txt
#11 24.17 modules/PublicKey.js.LICENSE.txt
#11 24.17 modules/Yara.js.LICENSE.txt
#11 24.17 modules/PGP.js
#11 24.17 modules/OCR.js
#11 24.17 modules/Shellcode.js
#11 24.17 modules/Serialise.js.LICENSE.txt
#11 24.17 modules/Encodings.js.LICENSE.txt
#11 24.17 modules/Encodings.js
#11 24.17 modules/Yara.js
#11 24.17 modules/Hashing.js
#11 24.17 modules/UserAgent.js
#11 24.17 modules/Image.js
#11 24.17 modules/Code.js
#11 24.17 modules/Charts.js
#11 24.17 modules/Crypto.js.LICENSE.txt
#11 24.17 modules/Ciphers.js
#11 24.17 modules/Image.js.LICENSE.txt
#11 24.17 modules/Diff.js
#11 24.17 modules/Compression.js
#11 24.17 modules/UserAgent.js.LICENSE.txt
#11 24.17 modules/Protobuf.js
#11 24.17 modules/OCR.js.LICENSE.txt
#11 24.17 modules/Diff.js.LICENSE.txt
#11 24.17 sha256digest.txt
#11 DONE 24.9s

#13 [nginx] exporting to image
#13 exporting layers
#13 exporting layers 8.0s done
#13 exporting manifest sha256:abec8b1469dd94231d28313d66f31050c6e81d4e96c13eaf6c491b53308c17e0 0.0s done
#13 exporting config sha256:b43ab96c97907b35a352da0f6a40cdda808d31ee9c847917c8aa5f0eacfcbb12 0.0s done
#13 exporting attestation manifest sha256:a48d3750594c6b08f5e72037bd08df2e942aa1119620ad6c0843d9ab5cff286a 0.0s done
#13 exporting manifest sha256:64bafa4badcfa26705333bfff881dd776c7c033684dcc158609433f7bcdefe95 0.0s done
#13 exporting config sha256:eed41028d7b1fe9ab5f1741cdeb57f20d753448c7c6809b9b8ded957c8cd6c57 0.0s done
#13 exporting attestation manifest sha256:397a0154cf24a82b325d7b45c6260aadfeb700e859e9a912576711040ff8ee1a
#13 exporting attestation manifest sha256:397a0154cf24a82b325d7b45c6260aadfeb700e859e9a912576711040ff8ee1a 0.0s done
#13 exporting manifest list sha256:5299a3e0b1e2b40fe66741e8e02ba518b9c3e23e01ce6bff897bb558420f4fc4 0.0s done
#13 pushing layers
#13 ...

#14 [nginx auth] f0rc3ps/nginx:pull,push token for registry-1.docker.io
#14 DONE 0.0s

#13 [nginx] exporting to image
#13 pushing layers 24.7s done
#13 pushing manifest for docker.io/f0rc3ps/nginx:24.04.1@sha256:5299a3e0b1e2b40fe66741e8e02ba518b9c3e23e01ce6bff897bb558420f4fc4
#13 pushing manifest for docker.io/f0rc3ps/nginx:24.04.1@sha256:5299a3e0b1e2b40fe66741e8e02ba518b9c3e23e01ce6bff897bb558420f4fc4 3.2s done
#13 ...

#15 [nginx auth] asc3t1c/nginx:pull,push token for ghcr.io
#15 DONE 0.0s

#13 [nginx] exporting to image
#13 pushing layers 22.0s done
#13 pushing manifest for ghcr.io/asc3t1c/nginx:24.04.1@sha256:5299a3e0b1e2b40fe66741e8e02ba518b9c3e23e01ce6bff897bb558420f4fc4
#13 pushing manifest for ghcr.io/asc3t1c/nginx:24.04.1@sha256:5299a3e0b1e2b40fe66741e8e02ba518b9c3e23e01ce6bff897bb558420f4fc4 2.7s done
#13 DONE 60.9s

#16 [nginx] resolving provenance for metadata file
#16 DONE 0.0s
