#0 building with "mybuilder" instance using docker-container driver

#1 [suricata internal] load build definition from Dockerfile
#1 transferring dockerfile: 1.15kB 0.0s done
#1 DONE 0.0s

#2 [suricata linux/arm64 internal] load metadata for docker.io/library/alpine:edge
#2 ...

#3 [suricata linux/amd64 internal] load metadata for docker.io/library/alpine:edge
#3 DONE 0.2s

#4 [suricata internal] load .dockerignore
#4 transferring context: 2B done
#4 DONE 0.0s

#2 [suricata linux/arm64 internal] load metadata for docker.io/library/alpine:edge
#2 DONE 0.3s

#5 [suricata internal] load build context
#5 DONE 0.0s

#6 [suricata linux/amd64 1/3] FROM docker.io/library/alpine:edge@sha256:115729ec5cb049ba6359c3ab005ac742012d92bbaa5b8bc1a878f1e8f62c0cb8
#6 resolve docker.io/library/alpine:edge@sha256:115729ec5cb049ba6359c3ab005ac742012d92bbaa5b8bc1a878f1e8f62c0cb8 0.0s done
#6 DONE 0.0s

#7 [suricata linux/arm64 1/3] FROM docker.io/library/alpine:edge@sha256:115729ec5cb049ba6359c3ab005ac742012d92bbaa5b8bc1a878f1e8f62c0cb8
#7 resolve docker.io/library/alpine:edge@sha256:115729ec5cb049ba6359c3ab005ac742012d92bbaa5b8bc1a878f1e8f62c0cb8 0.0s done
#7 DONE 0.0s

#5 [suricata internal] load build context
#5 transferring context: 311B done
#5 DONE 0.0s

#8 [suricata linux/amd64 2/3] COPY dist/ /root/dist/
#8 CACHED

#9 [suricata linux/arm64 2/3] COPY dist/ /root/dist/
#9 CACHED

#10 [suricata linux/arm64 3/3] RUN apk --no-cache -U upgrade &&     apk --no-cache -U add 		ca-certificates 		curl 		file 		hiredis 		libcap 		wget 		suricata &&     addgroup -g 2000 suri &&     adduser -S -H -u 2000 -D -g 2000 suri &&     cp /root/dist/*.yaml /etc/suricata/ &&     cp /root/dist/*.conf /etc/suricata/ &&     cp /root/dist/*.bpf /etc/suricata/ &&     cp /root/dist/update.sh /usr/bin/ &&     chmod 644 /etc/suricata/*.config &&     chmod 755 -R /var/lib/suricata &&     chmod 755 /usr/bin/update.sh &&     chown -R root:suri /tmp /run &&     suricata-update update-sources &&     suricata-update --no-test --no-reload &&     rm -rf /root/*            /tmp/*            /var/cache/apk/*
#10 CACHED

#11 [suricata linux/amd64 3/3] RUN apk --no-cache -U upgrade &&     apk --no-cache -U add 		ca-certificates 		curl 		file 		hiredis 		libcap 		wget 		suricata &&     addgroup -g 2000 suri &&     adduser -S -H -u 2000 -D -g 2000 suri &&     cp /root/dist/*.yaml /etc/suricata/ &&     cp /root/dist/*.conf /etc/suricata/ &&     cp /root/dist/*.bpf /etc/suricata/ &&     cp /root/dist/update.sh /usr/bin/ &&     chmod 644 /etc/suricata/*.config &&     chmod 755 -R /var/lib/suricata &&     chmod 755 /usr/bin/update.sh &&     chown -R root:suri /tmp /run &&     suricata-update update-sources &&     suricata-update --no-test --no-reload &&     rm -rf /root/*            /tmp/*            /var/cache/apk/*
#11 CACHED

#12 [suricata] exporting to image
#12 exporting layers done
#12 exporting manifest sha256:7ace2dd8bce8ed870e115680afc63dfb24f1499b1fa0becad836a68598ae449b done
#12 exporting config sha256:d3d8bb3597a717b8ab4a88f4c3faaf0b2569a442563cae565ea95b371e6e9747 done
#12 exporting attestation manifest sha256:e6ee5e5054b31890aa72d0201796d0cd212762eb6c2e220aba14674e6b969231 0.0s done
#12 exporting manifest sha256:4da9eda939fe7b7d0fd8caa2ae017ec6a5abbb93b2c60d1e423f7079e98b98e9 done
#12 exporting config sha256:9b358994f97c7199e8ab8b5d3dbcef5e5d7ac9b24ba2f27c38e6b249c384d26f done
#12 exporting attestation manifest sha256:a9d612dc902134cae0ac116a72db98c9a3334b14c0697025329c9aeca570abc5 0.0s done
#12 exporting manifest list sha256:f6e16fe96796cbcbdf3689fc4f5928c72f5104f73305b9395d9723487388c304 0.0s done
#12 pushing layers
#12 ...

#13 [suricata auth] f0rc3ps/suricata:pull,push token for registry-1.docker.io
#13 DONE 0.0s

#12 [suricata] exporting to image
#12 pushing layers 2.2s done
#12 pushing manifest for docker.io/f0rc3ps/suricata:24.04.1@sha256:f6e16fe96796cbcbdf3689fc4f5928c72f5104f73305b9395d9723487388c304
#12 pushing manifest for docker.io/f0rc3ps/suricata:24.04.1@sha256:f6e16fe96796cbcbdf3689fc4f5928c72f5104f73305b9395d9723487388c304 2.2s done
#12 ...

#14 [suricata auth] asc3t1c/suricata:pull,push token for ghcr.io
#14 DONE 0.0s

#12 [suricata] exporting to image
#12 pushing layers 1.5s done
#12 pushing manifest for ghcr.io/asc3t1c/suricata:24.04.1@sha256:f6e16fe96796cbcbdf3689fc4f5928c72f5104f73305b9395d9723487388c304
#12 pushing manifest for ghcr.io/asc3t1c/suricata:24.04.1@sha256:f6e16fe96796cbcbdf3689fc4f5928c72f5104f73305b9395d9723487388c304 1.5s done
#12 DONE 7.6s

#15 [suricata] resolving provenance for metadata file
#15 DONE 0.0s
