#0 building with "mybuilder" instance using docker-container driver

#1 [tanner internal] load build definition from Dockerfile
#1 transferring dockerfile: 1.81kB done
#1 DONE 0.0s

#2 [tanner auth] library/alpine:pull token for registry-1.docker.io
#2 DONE 0.0s

#3 [tanner linux/arm64 internal] load metadata for docker.io/library/alpine:3.17
#3 ...

#4 [tanner linux/amd64 internal] load metadata for docker.io/library/alpine:3.17
#4 DONE 0.9s

#3 [tanner linux/arm64 internal] load metadata for docker.io/library/alpine:3.17
#3 DONE 0.9s

#5 [tanner internal] load .dockerignore
#5 transferring context: 2B done
#5 DONE 0.0s

#6 [tanner linux/amd64 1/4] FROM docker.io/library/alpine:3.17@sha256:8fc3dacfb6d69da8d44e42390de777e48577085db99aa4e4af35f483eb08b989
#6 resolve docker.io/library/alpine:3.17@sha256:8fc3dacfb6d69da8d44e42390de777e48577085db99aa4e4af35f483eb08b989 0.0s done
#6 DONE 0.0s

#7 [tanner linux/arm64 1/4] FROM docker.io/library/alpine:3.17@sha256:8fc3dacfb6d69da8d44e42390de777e48577085db99aa4e4af35f483eb08b989
#7 resolve docker.io/library/alpine:3.17@sha256:8fc3dacfb6d69da8d44e42390de777e48577085db99aa4e4af35f483eb08b989 0.0s done
#7 DONE 0.0s

#8 [tanner internal] load build context
#8 transferring context: 1.77kB done
#8 DONE 0.0s

#9 [tanner linux/amd64 2/4] COPY dist/ /root/dist/
#9 CACHED

#10 [tanner linux/amd64 3/4] RUN apk --no-cache -U upgrade &&     apk --no-cache -U add 		build-base 		git 		libcap 		libffi-dev 		openssl-dev 		linux-headers 		py3-aiohttp 		py3-geoip2 		py3-jinja2 		py3-jwt 		py3-mako 		py3-mysqlclient 		py3-packaging 		py3-pip 		py3-redis 		py3-pycodestyle 		py3-setuptools 		py3-tornado 		py3-websocket-client 		py3-wheel 		py3-yaml 		py3-yarl 		python3 		python3-dev && 	git clone https://github.com/mushorg/tanner /opt/tanner &&     cd /opt/tanner/ &&     git checkout 245d628f4023e5462c7035e760a6b5eed0a33fbe &&     cp /root/dist/config.yaml /opt/tanner/tanner/data &&     cp /root/dist/requirements.txt . &&     pip3 install --no-cache-dir -r requirements.txt &&     python3 setup.py install &&     rm -rf .coveragerc            .git            .gitignore            .travis.yml            Tanner.egg-info            build            dist            docker            docs            requirements.txt            setup.py &&     cd / &&     addgroup -g 2000 tanner &&     adduser -S -s /bin/ash -u 2000 -D -g 2000 tanner &&     mkdir /var/log/tanner &&     chown -R tanner:tanner /opt/tanner /var/log/tanner &&     apk del --purge             build-base             git             libcap             libffi-dev             openssl-dev             linux-headers             python3-dev &&     rm -rf /root/*            /tmp/*            /var/tmp/*            /var/cache/apk/*            /opt/tanner/.git
#10 CACHED

#11 [tanner linux/arm64 3/4] RUN apk --no-cache -U upgrade &&     apk --no-cache -U add 		build-base 		git 		libcap 		libffi-dev 		openssl-dev 		linux-headers 		py3-aiohttp 		py3-geoip2 		py3-jinja2 		py3-jwt 		py3-mako 		py3-mysqlclient 		py3-packaging 		py3-pip 		py3-redis 		py3-pycodestyle 		py3-setuptools 		py3-tornado 		py3-websocket-client 		py3-wheel 		py3-yaml 		py3-yarl 		python3 		python3-dev && 	git clone https://github.com/mushorg/tanner /opt/tanner &&     cd /opt/tanner/ &&     git checkout 245d628f4023e5462c7035e760a6b5eed0a33fbe &&     cp /root/dist/config.yaml /opt/tanner/tanner/data &&     cp /root/dist/requirements.txt . &&     pip3 install --no-cache-dir -r requirements.txt &&     python3 setup.py install &&     rm -rf .coveragerc            .git            .gitignore            .travis.yml            Tanner.egg-info            build            dist            docker            docs            requirements.txt            setup.py &&     cd / &&     addgroup -g 2000 tanner &&     adduser -S -s /bin/ash -u 2000 -D -g 2000 tanner &&     mkdir /var/log/tanner &&     chown -R tanner:tanner /opt/tanner /var/log/tanner &&     apk del --purge             build-base             git             libcap             libffi-dev             openssl-dev             linux-headers             python3-dev &&     rm -rf /root/*            /tmp/*            /var/tmp/*            /var/cache/apk/*            /opt/tanner/.git
#11 CACHED

#12 [tanner linux/arm64 2/4] COPY dist/ /root/dist/
#12 CACHED

#13 [tanner linux/amd64 4/4] WORKDIR /opt/tanner
#13 CACHED

#14 [tanner linux/arm64 4/4] WORKDIR /opt/tanner
#14 CACHED

#15 [tanner] exporting to image
#15 exporting layers done
#15 exporting manifest sha256:788e6775becc576c1dfcdb1ed4dfb794e1b41cea080ebc147ab372a28bfd4dec done
#15 exporting config sha256:641bae8e539c15f5ba9c9de73d5a8b9405ffea88b7f8bcca95c2af17a57d7133
#15 exporting config sha256:641bae8e539c15f5ba9c9de73d5a8b9405ffea88b7f8bcca95c2af17a57d7133 done
#15 exporting attestation manifest sha256:4e6e2382f5875bce079d20bb3752702319e387d1dc7da4883f64c18f48cf39a4 0.0s done
#15 exporting manifest sha256:544e9f41e6d329427e88f174e7123b9c7f6d02ca7ba6bc98bc3ad23910781fb2 done
#15 exporting config sha256:a940b18d979ca6fe4e10e0889496729057e026e1dadaac7f0f16e6ad51610d7e done
#15 exporting attestation manifest sha256:0cc479c4dbf5a36ee156d53ceb15679d49fe9381660676e3029d9159a6b1ffed 0.0s done
#15 exporting manifest list sha256:76e0a3ae4d867415da1a42abab12912335e37d78572c858510b589786eceecff done
#15 pushing layers
#15 ...

#16 [tanner auth] f0rc3ps/tanner:pull,push token for registry-1.docker.io
#16 DONE 0.0s

#15 [tanner] exporting to image
#15 pushing layers 1.4s done
#15 pushing manifest for docker.io/f0rc3ps/tanner:24.04.1@sha256:76e0a3ae4d867415da1a42abab12912335e37d78572c858510b589786eceecff
#15 pushing manifest for docker.io/f0rc3ps/tanner:24.04.1@sha256:76e0a3ae4d867415da1a42abab12912335e37d78572c858510b589786eceecff 2.4s done
#15 ...

#17 [tanner auth] asc3t1c/tanner:pull,push token for ghcr.io
#17 DONE 0.0s

#15 [tanner] exporting to image
#15 pushing layers 1.6s done
#15 pushing manifest for ghcr.io/asc3t1c/tanner:24.04.1@sha256:76e0a3ae4d867415da1a42abab12912335e37d78572c858510b589786eceecff
#15 pushing manifest for ghcr.io/asc3t1c/tanner:24.04.1@sha256:76e0a3ae4d867415da1a42abab12912335e37d78572c858510b589786eceecff 1.6s done
#15 DONE 7.1s

#18 [tanner] resolving provenance for metadata file
#18 DONE 0.0s
